*** Loading map ***
Map size: 77x37 with 50 induct stations and 275 eject stations.
Done! (0 s)
make section solver?
*** PreProcessing map ***
Done! (0 s)
*** Simulating 7 ***
Randomly generating initial locations
[MapSystem] Templates Initialized.
[MapSystem] Generating Procedural Map
  - Raw Grid: 37 x 77
  - Logical:  13 x 27
[MapSystem] Linking Sections...
[MapSystem] Linking Complete.
Timestep 0
PBS:Succeed,1.49576,900,1801,29303,28883,33.5589,631,0.043256,0.14254,0.001694,0.036002,0.67141,0.006639,0.000854,1.20348,0.127727
46 tasks has been finished
Timestep 5
PBS:Succeed,1.1599,716,1433,28182,27882,32.3133,575,0.033911,0.109373,0.001364,0.022412,0.553137,0.004647,0.000648,0.89555,0.082754
104 tasks has been finished
Timestep 10
PBS:Succeed,1.29735,808,1617,28923,28579,33.1367,597,0.038338,0.120506,0.001628,0.027025,0.600144,0.005283,0.000686,1.03134,0.099048
131 tasks has been finished
Timestep 15
PBS:Succeed,1.27118,777,1555,30718,30369,35.1311,600,0.0394,0.11731,0.001656,0.024058,0.59116,0.004796,0.00067,1.0032,0.099376
146 tasks has been finished
Timestep 20
PBS:Succeed,1.47632,894,1789,30477,30069,34.8633,638,0.044993,0.137299,0.002235,0.031266,0.669912,0.005814,0.000784,1.19741,0.122953
126 tasks has been finished
Timestep 25
PBS:Succeed,1.79362,1027,2055,29576,29074,33.8622,682,0.050862,0.177341,0.003628,0.041258,0.762296,0.00729,0.000952,1.49951,0.196591
91 tasks has been finished
Timestep 30
PBS:Succeed,1.79974,1035,2071,28653,28126,32.8367,692,0.048559,0.176902,0.003556,0.040257,0.759052,0.007512,0.00095,1.50638,0.208728
92 tasks has been finished
Timestep 35
PBS:Succeed,1.94573,1037,2075,27585,26971,31.65,620,0.051587,0.210079,0.005752,0.040874,0.793608,0.006647,0.000938,1.64738,0.251978
113 tasks has been finished
Timestep 40
PBS:Succeed,1.85894,1002,2005,26375,25809,30.3056,650,0.047946,0.187354,0.004229,0.038105,0.774428,0.007245,0.000932,1.57049,0.239635
107 tasks has been finished
Timestep 45
PBS:Succeed,1.83181,1006,2013,25614,24985,29.46,652,0.045597,0.180128,0.003726,0.038297,0.78778,0.00702,0.000896,1.53704,0.201404
122 tasks has been finished
Timestep 50
PBS:Succeed,2.00895,1046,2093,25792,25168,29.6578,615,0.049211,0.205584,0.004997,0.040497,0.841314,0.007104,0.000919,1.71361,0.241219
128 tasks has been finished
Timestep 55
PBS:Succeed,2.16902,1061,2123,25274,24594,29.0822,664,0.051828,0.221706,0.005487,0.042917,0.872451,0.008056,0.001027,1.87065,0.309764
132 tasks has been finished
Timestep 60
PBS:Succeed,2.05991,1059,2119,25414,24808,29.2378,680,0.049796,0.213681,0.004925,0.042737,0.848637,0.007751,0.000983,1.75908,0.257058
126 tasks has been finished
Timestep 65
PBS:Succeed,1.81535,985,1971,25624,25060,29.4711,641,0.045455,0.185805,0.003951,0.037756,0.767273,0.007157,0.000907,1.53012,0.215218
141 tasks has been finished
Timestep 70
PBS:Succeed,1.6261,925,1851,26149,25604,30.0544,649,0.041617,0.156835,0.002548,0.033901,0.724585,0.006618,0.000838,1.3505,0.152612
141 tasks has been finished
Timestep 75
PBS:Succeed,1.53152,900,1801,26387,25863,30.3189,668,0.040391,0.143306,0.002162,0.032565,0.687202,0.006236,0.000819,1.2527,0.13632
137 tasks has been finished
Timestep 80
PBS:Succeed,1.51311,891,1783,26654,26177,30.6156,616,0.040332,0.139484,0.001882,0.031479,0.693957,0.005871,0.000749,1.228,0.12036
129 tasks has been finished
Timestep 85
PBS:Succeed,1.45804,863,1727,26918,26463,30.9089,589,0.039991,0.136267,0.002074,0.03048,0.655951,0.005901,0.000747,1.18284,0.136262
145 tasks has been finished
Timestep 90
PBS:Succeed,1.50009,884,1768,26925,26486,30.9167,572,0.040332,0.139052,0.001791,0.031793,0.678232,0.006149,0.000798,1.22281,0.127471
139 tasks has been finished
Timestep 95
PBS:Succeed,1.33277,827,1655,27052,26661,31.0578,574,0.036669,0.120845,0.001553,0.02783,0.620436,0.005077,0.000737,1.05618,0.099872
141 tasks has been finished
Timestep 100
PBS:Succeed,1.3391,822,1645,27109,26687,31.1211,582,0.038632,0.122999,0.001746,0.027638,0.620017,0.00512,0.000744,1.06473,0.105282
122 tasks has been finished
Timestep 105
PBS:Succeed,1.45979,905,1811,27012,26585,31.0133,552,0.039202,0.137151,0.00222,0.031865,0.658494,0.00553,0.00078,1.17673,0.127449
135 tasks has been finished
Timestep 110
PBS:Succeed,1.51426,907,1815,26968,26525,30.9644,625,0.039633,0.14325,0.002505,0.032452,0.681422,0.005794,0.000736,1.23293,0.129793
139 tasks has been finished
Timestep 115
PBS:Succeed,1.54143,921,1843,26637,26181,30.5967,624,0.03966,0.149951,0.002918,0.032447,0.688204,0.006035,0.000843,1.25589,0.142749
114 tasks has been finished
Timestep 120
PBS:Succeed,1.31441,807,1615,26636,26230,30.5956,589,0.035393,0.121337,0.001843,0.026395,0.61415,0.004897,0.000697,1.04608,0.098134
126 tasks has been finished
Timestep 125
PBS:Succeed,1.50823,910,1821,26998,26557,30.9978,604,0.040164,0.140265,0.002388,0.032195,0.67754,0.005695,0.000824,1.22643,0.136392
141 tasks has been finished
Timestep 130
PBS:Succeed,1.50751,885,1771,27352,26897,31.3911,595,0.041162,0.142581,0.002394,0.031623,0.673947,0.005963,0.000765,1.23577,0.141327
131 tasks has been finished
Timestep 135
PBS:Succeed,1.4475,887,1775,27324,26898,31.36,598,0.040474,0.137725,0.002008,0.031783,0.652274,0.005862,0.000768,1.17325,0.125295
134 tasks has been finished
Timestep 140
PBS:Succeed,1.55784,921,1843,27256,26786,31.2844,612,0.043202,0.150492,0.00252,0.033494,0.687495,0.006127,0.000811,1.2758,0.147634
133 tasks has been finished
Timestep 145
PBS:Succeed,1.52782,901,1803,27341,26886,31.3789,676,0.040649,0.149341,0.002627,0.031943,0.681463,0.006049,0.000793,1.25266,0.14056
120 tasks has been finished
Timestep 150
PBS:Succeed,1.54253,919,1839,27496,27031,31.5511,614,0.045388,0.146997,0.002574,0.033269,0.682841,0.006158,0.00086,1.25539,0.151255
132 tasks has been finished
Timestep 155
PBS:Succeed,1.42778,867,1735,27489,27051,31.5433,627,0.038551,0.132545,0.001772,0.03037,0.653715,0.005808,0.000799,1.15522,0.117626
130 tasks has been finished
Timestep 160
PBS:Succeed,1.41797,868,1737,27383,26947,31.4256,631,0.038917,0.133636,0.002057,0.029752,0.643671,0.005626,0.000824,1.14023,0.124009
130 tasks has been finished
Timestep 165
PBS:Succeed,1.37715,846,1693,26908,26529,30.8978,639,0.037143,0.127184,0.001925,0.028906,0.62918,0.005972,0.000735,1.10936,0.13617
126 tasks has been finished
Timestep 170
PBS:Succeed,1.42368,886,1773,26581,26157,30.5344,666,0.037338,0.136208,0.002291,0.031749,0.643677,0.005711,0.000764,1.14505,0.126225
120 tasks has been finished
Timestep 175
PBS:Succeed,1.3555,855,1711,26589,26189,30.5433,626,0.036935,0.125757,0.001853,0.029135,0.618503,0.005728,0.000753,1.08654,0.117469
151 tasks has been finished
Timestep 180
PBS:Succeed,1.35575,853,1707,26452,26051,30.3911,577,0.03794,0.125022,0.001807,0.028636,0.624585,0.005342,0.000753,1.08151,0.110559
135 tasks has been finished
Timestep 185
PBS:Succeed,1.2612,767,1535,26480,26107,30.4222,596,0.034493,0.116669,0.001646,0.025553,0.589275,0.005546,0.000657,0.998118,0.108553
133 tasks has been finished
Timestep 190
PBS:Succeed,1.33394,832,1665,26857,26437,30.8411,583,0.035615,0.121256,0.001678,0.026954,0.620046,0.004963,0.000688,1.06789,0.104326
132 tasks has been finished
Timestep 195
PBS:Succeed,1.35651,816,1633,27003,26569,31.0033,619,0.036756,0.123559,0.001739,0.027277,0.629534,0.005738,0.000736,1.08158,0.116364
135 tasks has been finished
Timestep 200
PBS:Succeed,1.4218,852,1705,26704,26273,30.6711,603,0.037433,0.130255,0.001968,0.02922,0.649472,0.005524,0.000782,1.1439,0.126391
123 tasks has been finished
Timestep 205
PBS:Succeed,1.40808,852,1705,26344,25955,30.2711,593,0.038789,0.136105,0.002176,0.031497,0.631326,0.006465,0.000765,1.13277,0.126903
143 tasks has been finished
Timestep 210
PBS:Succeed,1.3801,855,1711,26641,26238,30.6011,613,0.03679,0.126895,0.001839,0.029306,0.629708,0.005774,0.000761,1.10261,0.121103
141 tasks has been finished
Timestep 215
PBS:Succeed,1.42929,868,1737,26773,26326,30.7478,600,0.038962,0.133459,0.002285,0.029588,0.642541,0.005477,0.000724,1.163,0.134138
129 tasks has been finished
Timestep 220
PBS:Succeed,1.29528,811,1623,26634,26261,30.5933,609,0.036418,0.119876,0.001528,0.028714,0.600931,0.005163,0.000685,1.02191,0.097236
137 tasks has been finished
Timestep 225
PBS:Succeed,1.48816,891,1783,27089,26653,31.0989,592,0.041124,0.140064,0.002109,0.03414,0.66804,0.005687,0.000765,1.21071,0.13004
142 tasks has been finished
Timestep 230
PBS:Succeed,1.53513,916,1833,27179,26705,31.1989,603,0.043622,0.147501,0.002335,0.033239,0.679883,0.005972,0.000806,1.24933,0.147818
130 tasks has been finished
Timestep 235
PBS:Succeed,1.45366,858,1717,27492,27040,31.5467,595,0.039568,0.132851,0.001968,0.031487,0.658463,0.005837,0.000772,1.17617,0.12584
123 tasks has been finished
Timestep 240
PBS:Succeed,1.50938,890,1781,27427,26939,31.4744,611,0.042995,0.14384,0.002218,0.031019,0.680648,0.005798,0.000753,1.21735,0.129648
128 tasks has been finished
Timestep 245
PBS:Succeed,1.54331,910,1821,27340,26847,31.3778,606,0.041866,0.150976,0.002693,0.034264,0.682514,0.00571,0.000785,1.25817,0.14564
123 tasks has been finished
Timestep 250
PBS:Succeed,1.50936,882,1765,27083,26614,31.0922,609,0.040204,0.141838,0.002524,0.030548,0.678081,0.005554,0.000761,1.23838,0.136665
124 tasks has been finished
Timestep 255
PBS:Succeed,1.56447,921,1843,27402,26882,31.4467,587,0.043243,0.147734,0.002512,0.032978,0.696362,0.005961,0.000783,1.2835,0.143525
129 tasks has been finished
Timestep 260
PBS:Succeed,1.44013,872,1745,26964,26536,30.96,606,0.041415,0.137237,0.002285,0.032025,0.644746,0.005768,0.000744,1.16027,0.132224
128 tasks has been finished
Timestep 265
PBS:Succeed,1.50936,898,1797,26825,26392,30.8056,614,0.040447,0.143475,0.002538,0.032306,0.665306,0.006835,0.000823,1.23318,0.154391
130 tasks has been finished
Timestep 270
PBS:Succeed,1.43727,864,1729,26789,26346,30.7656,587,0.038827,0.135415,0.002453,0.029863,0.643805,0.005654,0.000787,1.16547,0.139004
125 tasks has been finished
Timestep 275
PBS:Succeed,1.47713,902,1805,26111,25663,30.0122,606,0.04002,0.143923,0.002458,0.031985,0.662056,0.005771,0.000765,1.2049,0.128545
122 tasks has been finished
Timestep 280
PBS:Succeed,1.59186,927,1855,26243,25781,30.1589,604,0.042073,0.158715,0.003109,0.035464,0.707256,0.006089,0.000826,1.29674,0.149588
129 tasks has been finished
Timestep 285
PBS:Succeed,1.36077,836,1673,26703,26291,30.67,619,0.036126,0.12689,0.002133,0.028273,0.62454,0.005328,0.000702,1.08544,0.12077
128 tasks has been finished
Timestep 290
PBS:Succeed,1.33733,834,1669,26343,25914,30.27,591,0.036588,0.123888,0.001808,0.027569,0.619797,0.005001,0.0007,1.05826,0.106391
131 tasks has been finished
Timestep 295
PBS:Succeed,1.3831,870,1741,26357,25917,30.2856,623,0.036763,0.128038,0.001868,0.030195,0.627488,0.006329,0.000771,1.11081,0.122266
132 tasks has been finished
Timestep 300
PBS:Succeed,1.52471,899,1799,26885,26384,30.8722,626,0.041174,0.144897,0.002217,0.031781,0.684316,0.006116,0.000819,1.2424,0.13415
140 tasks has been finished
Timestep 305
PBS:Succeed,1.35111,830,1661,26937,26517,30.93,581,0.03756,0.121854,0.001738,0.02798,0.624903,0.005214,0.000699,1.06803,0.112026
136 tasks has been finished
Timestep 310
PBS:Succeed,1.36048,839,1679,26863,26461,30.8478,583,0.035901,0.124911,0.001882,0.028296,0.62182,0.005516,0.000708,1.0898,0.122552
142 tasks has been finished
Timestep 315
PBS:Succeed,1.28245,800,1601,27015,26629,31.0167,572,0.038912,0.120781,0.001544,0.026322,0.596913,0.004852,0.000668,1.00658,0.093843
141 tasks has been finished
Timestep 320
PBS:Succeed,1.44461,895,1791,26648,26193,30.6089,614,0.039478,0.137853,0.002123,0.032509,0.649912,0.005893,0.000802,1.1681,0.127705
111 tasks has been finished
Timestep 325
PBS:Succeed,1.35515,838,1677,26738,26283,30.7089,617,0.035377,0.124189,0.001776,0.029653,0.6255,0.005364,0.00071,1.0805,0.108625
142 tasks has been finished
Timestep 330
PBS:Succeed,1.47222,865,1731,26815,26406,30.7944,633,0.039484,0.144925,0.00252,0.030752,0.650359,0.00558,0.000779,1.18924,0.150687
129 tasks has been finished
Timestep 335
PBS:Succeed,1.41999,864,1729,26841,26426,30.8233,630,0.038772,0.130291,0.001824,0.030207,0.640901,0.005989,0.000795,1.14614,0.12901
137 tasks has been finished
Timestep 340
PBS:Succeed,1.32407,791,1583,26994,26592,30.9933,597,0.037535,0.125209,0.001574,0.026314,0.614015,0.005088,0.000687,1.05534,0.105323
125 tasks has been finished
Timestep 345
PBS:Succeed,1.30762,832,1665,27554,27125,31.6156,590,0.037284,0.122971,0.001791,0.027211,0.610021,0.004875,0.000731,1.0363,0.100025
138 tasks has been finished
Timestep 350
PBS:Succeed,1.49968,893,1787,27550,27062,31.6111,635,0.042796,0.141635,0.002163,0.031595,0.673627,0.00588,0.000806,1.21114,0.131916
132 tasks has been finished
Timestep 355
PBS:Succeed,1.44309,862,1725,27520,27082,31.5778,620,0.039347,0.139496,0.002182,0.031524,0.653079,0.005791,0.000751,1.16542,0.12501
130 tasks has been finished
Timestep 360
PBS:Succeed,1.51044,866,1733,27160,26718,31.1778,585,0.044344,0.150298,0.002634,0.029842,0.679212,0.005807,0.00075,1.23599,0.145991
136 tasks has been finished
Timestep 365
PBS:Succeed,1.47051,873,1747,26764,26335,30.7378,644,0.038472,0.138992,0.002243,0.030494,0.66271,0.005783,0.000834,1.19663,0.144165
118 tasks has been finished
Timestep 370
PBS:Succeed,1.48825,890,1781,26524,26087,30.4711,625,0.039345,0.139368,0.002055,0.031114,0.667199,0.005928,0.000827,1.21096,0.133672
129 tasks has been finished
Timestep 375
PBS:Succeed,1.62946,934,1869,26677,26197,30.6411,633,0.041681,0.156246,0.002831,0.034111,0.710044,0.006518,0.000864,1.34419,0.177044
140 tasks has been finished
Timestep 380
PBS:Succeed,1.59092,963,1927,26130,25643,30.0333,651,0.040899,0.146188,0.002203,0.036143,0.69997,0.006534,0.000914,1.2975,0.150164
112 tasks has been finished
Timestep 385
PBS:Succeed,1.40095,855,1711,26792,26338,30.7689,617,0.03783,0.130799,0.002037,0.029374,0.643445,0.005612,0.000755,1.12467,0.120955
142 tasks has been finished
Timestep 390
PBS:Succeed,1.40131,853,1707,26592,26169,30.5467,599,0.037684,0.129017,0.001655,0.029524,0.638951,0.00571,0.000759,1.13161,0.118194
134 tasks has been finished
Timestep 395
PBS:Succeed,1.49742,909,1819,26875,26425,30.8611,627,0.040014,0.142141,0.002429,0.032092,0.672388,0.006007,0.000802,1.20982,0.134907
142 tasks has been finished
Timestep 400
PBS:Succeed,1.5572,937,1875,26446,25978,30.3844,636,0.041061,0.152543,0.002813,0.035162,0.686773,0.006318,0.000826,1.27116,0.140131
124 tasks has been finished
Timestep 405
PBS:Succeed,1.48088,902,1805,26562,26133,30.5133,599,0.038739,0.139824,0.002292,0.031629,0.663959,0.00598,0.000833,1.20949,0.13215
140 tasks has been finished
Timestep 410
PBS:Succeed,1.41896,870,1741,26835,26382,30.8167,621,0.037339,0.133597,0.002127,0.030593,0.644898,0.005693,0.000769,1.14286,0.123353
144 tasks has been finished
Timestep 415
PBS:Succeed,1.36548,834,1669,26944,26504,30.9378,603,0.037465,0.125261,0.001784,0.028595,0.631014,0.005245,0.000712,1.09844,0.110571
129 tasks has been finished
Timestep 420
PBS:Succeed,1.52826,892,1785,27037,26558,31.0411,616,0.042106,0.14532,0.002453,0.031278,0.681122,0.006118,0.000802,1.24333,0.142374
128 tasks has been finished
Timestep 425
PBS:Succeed,1.47381,874,1749,26758,26300,30.7311,623,0.039705,0.138373,0.002002,0.031168,0.670524,0.005875,0.000762,1.19282,0.120397
130 tasks has been finished
Timestep 430
PBS:Succeed,1.52082,876,1753,27128,26616,31.1422,585,0.040876,0.146288,0.002353,0.031774,0.682514,0.005685,0.00078,1.25003,0.132787
131 tasks has been finished
Timestep 435
PBS:Succeed,1.77246,996,1993,27400,26833,31.4444,633,0.046977,0.170879,0.003373,0.038295,0.749576,0.007352,0.000876,1.48511,0.211067
143 tasks has been finished
Timestep 440
PBS:Succeed,1.75889,988,1977,26801,26234,30.7789,672,0.046147,0.164508,0.002829,0.037051,0.766312,0.007539,0.000938,1.46862,0.183731
121 tasks has been finished
Timestep 445
PBS:Succeed,1.63636,960,1921,26234,25727,30.1489,625,0.0426,0.156722,0.002837,0.037925,0.710087,0.006459,0.00085,1.34713,0.173724
109 tasks has been finished
Timestep 450
PBS:Succeed,1.33208,831,1663,25789,25345,29.6544,619,0.035329,0.120377,0.00169,0.02743,0.623881,0.005279,0.000708,1.06766,0.099851
125 tasks has been finished
Timestep 455
PBS:Succeed,1.56752,962,1925,26693,26193,30.6589,661,0.043208,0.147718,0.002287,0.035074,0.695653,0.006636,0.000878,1.27767,0.145426
149 tasks has been finished
Timestep 460
PBS:Succeed,1.51233,915,1831,27027,26543,31.03,660,0.040787,0.142346,0.002301,0.0329,0.672631,0.006226,0.000856,1.23203,0.146008
148 tasks has been finished
Timestep 465
PBS:Succeed,1.57378,927,1855,26966,26472,30.9622,612,0.043581,0.148486,0.002332,0.034421,0.694183,0.006526,0.000871,1.29823,0.150947
126 tasks has been finished
Timestep 470
PBS:Succeed,1.54205,919,1839,26712,26217,30.68,616,0.042048,0.145435,0.002265,0.034121,0.693714,0.00608,0.00081,1.25191,0.133485
136 tasks has been finished
Timestep 475
PBS:Succeed,1.47528,886,1773,27033,26589,31.0367,584,0.040312,0.137318,0.001988,0.032078,0.66274,0.005885,0.000822,1.19761,0.13555
134 tasks has been finished
Timestep 480
PBS:Succeed,1.56218,927,1855,26818,26367,30.7978,651,0.042282,0.147233,0.002361,0.033881,0.696206,0.006251,0.000832,1.27833,0.153492
128 tasks has been finished
Timestep 485
PBS:Succeed,1.45826,876,1753,27244,26793,31.2711,604,0.040229,0.137346,0.002243,0.031766,0.653477,0.005898,0.000766,1.17923,0.134716
131 tasks has been finished
Timestep 490
PBS:Succeed,1.59746,917,1835,27125,26646,31.1389,576,0.04335,0.153448,0.002802,0.032792,0.708326,0.006031,0.000793,1.31627,0.149931
132 tasks has been finished
Timestep 495
PBS:Succeed,1.50046,902,1805,27147,26695,31.1633,656,0.040672,0.14164,0.002185,0.032373,0.677523,0.006073,0.000817,1.21619,0.12972
130 tasks has been finished
Timestep 500
PBS:Succeed,1.64035,957,1915,27245,26742,31.2722,633,0.042824,0.155383,0.002721,0.036712,0.717302,0.006862,0.000864,1.34855,0.17151
125 tasks has been finished
Timestep 505
PBS:Succeed,1.57305,920,1841,26747,26262,30.7189,681,0.041171,0.148306,0.002353,0.034287,0.693842,0.006838,0.000877,1.28837,0.15529
122 tasks has been finished
Timestep 510
PBS:Succeed,1.5219,899,1799,26659,26193,30.6211,667,0.0387,0.142345,0.002311,0.031961,0.68319,0.006186,0.00082,1.23859,0.144654
127 tasks has been finished
Timestep 515
PBS:Succeed,1.57026,912,1825,26334,25846,30.26,620,0.039805,0.153831,0.002942,0.032762,0.692363,0.006026,0.000811,1.29257,0.163062
125 tasks has been finished
Timestep 520
PBS:Succeed,1.49905,903,1807,26502,26027,30.4467,608,0.03889,0.141346,0.002458,0.031746,0.673507,0.005812,0.000816,1.22414,0.133033
149 tasks has been finished
Timestep 525
PBS:Succeed,1.58234,936,1873,26065,25543,29.9611,646,0.040015,0.144965,0.002093,0.033938,0.708887,0.006492,0.000839,1.29682,0.143331
119 tasks has been finished
Timestep 530
PBS:Succeed,1.42607,845,1691,25919,25438,29.7989,602,0.037476,0.131021,0.002061,0.029016,0.645943,0.006715,0.000699,1.15061,0.12426
119 tasks has been finished
Timestep 535
PBS:Succeed,1.43537,890,1781,26641,26183,30.6011,629,0.037199,0.128933,0.001718,0.030812,0.656637,0.005754,0.000809,1.15504,0.112892
152 tasks has been finished
Timestep 540
PBS:Succeed,1.49572,913,1827,26977,26493,30.9744,592,0.039116,0.139462,0.002173,0.033313,0.673756,0.005709,0.000812,1.21172,0.127694
139 tasks has been finished
Timestep 545
PBS:Succeed,1.37309,865,1731,26827,26404,30.8078,598,0.036625,0.127401,0.001862,0.02936,0.626774,0.005773,0.000756,1.10378,0.120392
132 tasks has been finished
Timestep 550
PBS:Succeed,1.38383,865,1731,27325,26887,31.3611,625,0.036035,0.127262,0.001903,0.029481,0.640048,0.005462,0.000714,1.1083,0.109262
142 tasks has been finished
Timestep 555
PBS:Succeed,1.55118,928,1857,27374,26918,31.4156,621,0.040827,0.151729,0.002765,0.035589,0.688442,0.006312,0.000844,1.26717,0.147594
133 tasks has been finished
Timestep 560
PBS:Succeed,1.61663,918,1837,27172,26680,31.1911,656,0.043879,0.153953,0.002504,0.034538,0.712641,0.007274,0.000819,1.32075,0.1636
118 tasks has been finished
Timestep 565
PBS:Succeed,1.52446,920,1841,27120,26649,31.1333,652,0.039743,0.143628,0.002331,0.032368,0.682063,0.006168,0.000811,1.24262,0.143638
123 tasks has been finished
Timestep 570
PBS:Succeed,1.45434,884,1769,27388,26962,31.4311,610,0.038121,0.138544,0.002509,0.030873,0.657516,0.005619,0.000779,1.1768,0.135372
137 tasks has been finished
Timestep 575
PBS:Succeed,1.61212,950,1901,27167,26674,31.1856,647,0.041418,0.152291,0.002806,0.035046,0.707299,0.006561,0.000872,1.32261,0.165148
133 tasks has been finished
Timestep 580
PBS:Succeed,1.62881,947,1895,26342,25824,30.2689,664,0.043135,0.151111,0.002491,0.034266,0.72032,0.006487,0.000869,1.34116,0.157345
119 tasks has been finished
Timestep 585
PBS:Succeed,1.62837,925,1851,26164,25662,30.0711,644,0.0413,0.157763,0.002759,0.033627,0.718511,0.006361,0.000841,1.34873,0.154082
127 tasks has been finished
Timestep 590
PBS:Succeed,1.65148,957,1915,26635,26096,30.5944,608,0.043329,0.163472,0.003193,0.035581,0.721154,0.006076,0.000802,1.36621,0.166165
140 tasks has been finished
Timestep 595
PBS:Succeed,1.73571,979,1959,25997,25469,29.8856,616,0.044929,0.169256,0.003393,0.037598,0.750906,0.006681,0.000874,1.44092,0.181523
124 tasks has been finished
Timestep 600
PBS:Succeed,1.56999,907,1815,25778,25289,29.6422,607,0.039241,0.148469,0.002647,0.032274,0.696249,0.006348,0.000841,1.29452,0.158381
122 tasks has been finished
Timestep 605
PBS:Succeed,1.72435,935,1871,26517,25973,30.4633,622,0.043898,0.173095,0.003829,0.034618,0.745369,0.006575,0.000854,1.44398,0.18475
140 tasks has been finished
Timestep 610
PBS:Succeed,1.54021,891,1783,26047,25538,29.9411,666,0.03998,0.145632,0.00238,0.031924,0.685731,0.00681,0.000821,1.26039,0.155097
128 tasks has been finished
Timestep 615
PBS:Succeed,1.53205,873,1747,26620,26154,30.5778,591,0.039565,0.144554,0.002417,0.030634,0.687355,0.0067,0.000757,1.25743,0.141992
132 tasks has been finished
Timestep 620
PBS:Succeed,1.39553,859,1719,26967,26537,30.9633,561,0.037136,0.127991,0.001919,0.029285,0.64548,0.005305,0.000692,1.12626,0.108966
144 tasks has been finished
Timestep 625
PBS:Succeed,1.46886,898,1797,26555,26111,30.5056,577,0.037674,0.135024,0.002097,0.030681,0.672293,0.005586,0.000764,1.18881,0.121208
132 tasks has been finished
Timestep 630
PBS:Succeed,1.51221,879,1759,26364,25866,30.2933,588,0.038821,0.143552,0.00263,0.030571,0.673893,0.005752,0.000793,1.24076,0.146206
129 tasks has been finished
Timestep 635
PBS:Succeed,1.43049,857,1715,25881,25430,29.7567,620,0.036343,0.131514,0.001949,0.029406,0.654521,0.005792,0.000776,1.16227,0.12417
135 tasks has been finished
Timestep 640
PBS:Succeed,1.51115,914,1829,25730,25274,29.5889,615,0.03795,0.138077,0.002154,0.032019,0.676866,0.006277,0.000822,1.2355,0.141934
136 tasks has been finished
Timestep 645
PBS:Succeed,1.5245,884,1769,26220,25778,30.1333,601,0.038585,0.139676,0.00222,0.031839,0.684814,0.00673,0.00084,1.24277,0.142088
146 tasks has been finished
Timestep 650
PBS:Succeed,1.4727,861,1723,25728,25271,29.5867,583,0.037981,0.138114,0.002319,0.028813,0.668659,0.005683,0.000742,1.19994,0.125416
125 tasks has been finished
Timestep 655
PBS:Succeed,1.48105,864,1729,25834,25378,29.7044,596,0.038542,0.139621,0.002543,0.029302,0.664015,0.005603,0.000772,1.2054,0.141854
136 tasks has been finished
Timestep 660
PBS:Succeed,1.56115,882,1765,26496,25991,30.44,570,0.039781,0.147798,0.002353,0.030496,0.709071,0.005645,0.000756,1.28641,0.123298
132 tasks has been finished
Timestep 665
PBS:Succeed,1.32978,842,1685,26296,25840,30.2178,562,0.034731,0.121688,0.001756,0.027711,0.619107,0.005108,0.00071,1.06055,0.103526
138 tasks has been finished
Timestep 670
PBS:Succeed,1.45576,860,1721,26298,25861,30.22,586,0.038671,0.139197,0.002026,0.03037,0.650186,0.006106,0.000787,1.17952,0.140776
139 tasks has been finished
Timestep 675
PBS:Succeed,1.59011,913,1827,26701,26194,30.6678,633,0.041037,0.150821,0.002391,0.034591,0.696828,0.007398,0.000815,1.30569,0.159436
122 tasks has been finished
Timestep 680
PBS:Succeed,1.45422,874,1749,26638,26157,30.5978,628,0.038649,0.135819,0.001965,0.031441,0.657913,0.005945,0.000764,1.17477,0.126215
144 tasks has been finished
Timestep 685
PBS:Succeed,1.40023,841,1683,27403,26976,31.4478,610,0.038675,0.129968,0.001874,0.029521,0.644433,0.005861,0.000755,1.12146,0.11964
135 tasks has been finished
Timestep 690
PBS:Succeed,1.5502,935,1871,27295,26785,31.3278,662,0.040486,0.141306,0.002183,0.035027,0.689915,0.006567,0.000851,1.26335,0.150181
131 tasks has been finished
Timestep 695
PBS:Succeed,1.47693,872,1745,26949,26478,30.9433,623,0.039163,0.134443,0.001861,0.031215,0.672193,0.006126,0.00082,1.19898,0.127729
134 tasks has been finished
Timestep 700
PBS:Succeed,1.42828,875,1751,26978,26544,30.9756,611,0.037893,0.134232,0.002085,0.032798,0.653218,0.00579,0.000813,1.15065,0.119183
128 tasks has been finished
Timestep 705
PBS:Succeed,1.41521,884,1769,27634,27191,31.7044,602,0.038039,0.129629,0.001878,0.030881,0.649499,0.005521,0.000787,1.14121,0.120597
136 tasks has been finished
Timestep 710
PBS:Succeed,1.59241,929,1859,28045,27563,32.1611,630,0.042574,0.157421,0.003042,0.034999,0.701097,0.006282,0.000851,1.30527,0.149325
131 tasks has been finished
Timestep 715
PBS:Succeed,1.42349,849,1699,27290,26849,31.3222,587,0.038465,0.133321,0.002093,0.030106,0.645442,0.006213,0.000743,1.15115,0.12969
115 tasks has been finished
Timestep 720
PBS:Succeed,1.52153,880,1761,27589,27111,31.6544,632,0.039463,0.147712,0.002846,0.03095,0.66178,0.006104,0.000822,1.24861,0.171628
129 tasks has been finished
Timestep 725
PBS:Succeed,1.53832,939,1879,27347,26872,31.3856,644,0.040696,0.142154,0.002068,0.035379,0.697519,0.006163,0.000831,1.25037,0.130662
133 tasks has been finished
Timestep 730
PBS:Succeed,1.61115,924,1849,27024,26534,31.0267,625,0.043133,0.15543,0.002794,0.034275,0.711008,0.006533,0.000868,1.32025,0.153756
136 tasks has been finished
Timestep 735
PBS:Succeed,1.43101,885,1771,26810,26366,30.7889,631,0.037749,0.129054,0.001788,0.030839,0.658124,0.005968,0.000816,1.15759,0.118223
132 tasks has been finished
Timestep 740
PBS:Succeed,1.5105,889,1779,26749,26288,30.7211,618,0.039199,0.147537,0.002468,0.032564,0.67671,0.005864,0.000773,1.23048,0.138158
143 tasks has been finished
Timestep 745
PBS:Succeed,1.5288,889,1779,27112,26624,31.1244,597,0.040921,0.145009,0.002479,0.031955,0.674424,0.006051,0.000798,1.24459,0.151636
138 tasks has been finished
Timestep 750
PBS:Succeed,1.69082,967,1935,26999,26500,30.9989,631,0.04283,0.164632,0.003273,0.036868,0.732681,0.006728,0.00089,1.40121,0.182386
128 tasks has been finished
Timestep 755
PBS:Succeed,1.52238,905,1811,26714,26268,30.6822,615,0.039574,0.147794,0.002507,0.033141,0.682804,0.006409,0.000801,1.23525,0.133115
127 tasks has been finished
Timestep 760
PBS:Succeed,1.44442,865,1731,26866,26418,30.8511,653,0.038422,0.135481,0.002043,0.030245,0.660761,0.005845,0.000805,1.17039,0.122983
142 tasks has been finished
Timestep 765
PBS:Succeed,1.55083,882,1765,26347,25870,30.2744,653,0.041017,0.151438,0.002774,0.03256,0.680864,0.00607,0.000782,1.27483,0.153622
132 tasks has been finished
Timestep 770
PBS:Succeed,1.62109,913,1827,26704,26208,30.6711,618,0.043516,0.154376,0.002573,0.032598,0.726362,0.006116,0.000826,1.34143,0.132506
128 tasks has been finished
Timestep 775
PBS:Succeed,1.66762,958,1917,26502,25960,30.4467,646,0.043823,0.159952,0.002739,0.035869,0.731986,0.006639,0.000857,1.38008,0.164316
133 tasks has been finished
Timestep 780
PBS:Succeed,1.56684,899,1799,26522,26030,30.4689,613,0.03958,0.14877,0.002306,0.031441,0.696724,0.006316,0.000852,1.29341,0.148855
130 tasks has been finished
Timestep 785
PBS:Succeed,1.43989,883,1767,26270,25853,30.1889,575,0.037681,0.13633,0.002282,0.030852,0.654842,0.005498,0.00076,1.16444,0.122778
135 tasks has been finished
Timestep 790
PBS:Succeed,1.56651,932,1865,26538,26081,30.4867,637,0.04105,0.148224,0.002336,0.034842,0.676745,0.006785,0.000877,1.28206,0.177476
135 tasks has been finished
Timestep 795
PBS:Succeed,1.5396,904,1809,26664,26178,30.6267,612,0.041501,0.146199,0.002309,0.032952,0.684632,0.006309,0.000806,1.25504,0.136842
122 tasks has been finished
Timestep 800
PBS:Succeed,1.41929,867,1735,26875,26442,30.8611,600,0.038903,0.133711,0.002095,0.029454,0.653481,0.005434,0.000728,1.14421,0.109572
140 tasks has been finished
Timestep 805
PBS:Succeed,1.33769,833,1667,26788,26421,30.7644,567,0.036465,0.123881,0.001975,0.027506,0.618973,0.005197,0.000709,1.07058,0.109364
142 tasks has been finished
Timestep 810
PBS:Succeed,1.42174,865,1731,27211,26811,31.2344,614,0.03959,0.13675,0.002041,0.031602,0.636375,0.005759,0.000714,1.14522,0.135193
136 tasks has been finished
Timestep 815
PBS:Succeed,1.49484,909,1819,27210,26798,31.2333,617,0.039323,0.140422,0.002326,0.03252,0.667819,0.0061,0.000825,1.2135,0.140895
144 tasks has been finished
Timestep 820
PBS:Succeed,1.38525,854,1709,26856,26456,30.84,612,0.036776,0.124575,0.001751,0.029055,0.63677,0.00554,0.000774,1.10719,0.118583
125 tasks has been finished
Timestep 825
PBS:Succeed,1.33578,832,1665,26378,25944,30.3089,610,0.035295,0.121687,0.00163,0.027838,0.622127,0.005381,0.00073,1.05442,0.108872
114 tasks has been finished
Timestep 830
PBS:Succeed,1.5079,889,1779,26947,26512,30.9411,606,0.039883,0.144694,0.002718,0.03119,0.681632,0.005661,0.000771,1.22274,0.133379
147 tasks has been finished
Timestep 835
PBS:Succeed,1.65085,975,1951,26970,26476,30.9667,643,0.044375,0.162293,0.002772,0.038745,0.714201,0.007003,0.00087,1.35924,0.170899
132 tasks has been finished
Timestep 840
PBS:Succeed,1.47156,894,1789,27077,26649,31.0856,612,0.038808,0.13781,0.002073,0.031319,0.661365,0.005877,0.000763,1.19181,0.13339
126 tasks has been finished
Timestep 845
PBS:Succeed,1.4604,887,1775,27057,26609,31.0633,593,0.039269,0.141248,0.002468,0.031368,0.658543,0.005625,0.000772,1.18228,0.139447
130 tasks has been finished
Timestep 850
PBS:Succeed,1.55209,940,1881,26455,25989,30.3944,641,0.039639,0.14614,0.002284,0.035079,0.687016,0.006618,0.000866,1.26792,0.150575
129 tasks has been finished
Timestep 855
PBS:Succeed,1.58337,930,1861,26642,26145,30.6022,643,0.041215,0.149886,0.002452,0.036159,0.704803,0.006692,0.000818,1.29601,0.146059
131 tasks has been finished
Timestep 860
PBS:Succeed,1.46513,887,1775,26763,26321,30.7367,601,0.039734,0.143815,0.002443,0.031414,0.664862,0.005451,0.000739,1.19037,0.120735
143 tasks has been finished
Timestep 865
PBS:Succeed,1.30689,803,1607,26572,26187,30.5244,580,0.035592,0.118687,0.001468,0.026678,0.611084,0.005165,0.000698,1.03808,0.105259
133 tasks has been finished
Timestep 870
PBS:Succeed,1.27323,803,1607,26668,26290,30.6311,608,0.033678,0.113403,0.001443,0.026095,0.593842,0.005562,0.000713,1.00601,0.10242
125 tasks has been finished
Timestep 875
PBS:Succeed,1.28451,808,1617,27284,26898,31.3156,628,0.035275,0.115097,0.00132,0.027762,0.597258,0.005647,0.000748,1.01688,0.10581
136 tasks has been finished
Timestep 880
PBS:Succeed,1.48099,898,1797,27793,27341,31.8811,635,0.041459,0.137297,0.001873,0.031865,0.667386,0.005991,0.000785,1.19806,0.129867
133 tasks has been finished
Timestep 885
PBS:Succeed,1.43048,876,1753,27279,26874,31.31,604,0.037665,0.132112,0.001931,0.030255,0.652993,0.005704,0.000787,1.15607,0.124388
130 tasks has been finished
Timestep 890
PBS:Succeed,1.35519,831,1663,27045,26654,31.05,589,0.038199,0.126575,0.001809,0.027741,0.626493,0.005145,0.000734,1.08201,0.101525
129 tasks has been finished
Timestep 895
PBS:Succeed,1.2897,814,1629,27097,26732,31.1078,588,0.036139,0.116805,0.001633,0.026456,0.608392,0.004982,0.000716,1.02624,0.101303
140 tasks has been finished
Timestep 900
PBS:Succeed,1.40885,864,1729,26499,26097,30.4433,623,0.040568,0.13068,0.00169,0.029528,0.640783,0.005958,0.000785,1.12478,0.119734
115 tasks has been finished
Timestep 905
PBS:Succeed,1.32461,819,1639,26761,26362,30.7344,608,0.03463,0.121242,0.001592,0.027839,0.616778,0.005367,0.000716,1.0526,0.105335
146 tasks has been finished
Timestep 910
PBS:Succeed,1.43238,854,1709,26875,26453,30.8611,629,0.038057,0.129223,0.001725,0.029081,0.651749,0.006029,0.000756,1.15888,0.118863
133 tasks has been finished
Timestep 915
PBS:Succeed,1.51303,894,1789,27147,26708,31.1633,645,0.042113,0.142684,0.002279,0.0318,0.682504,0.005976,0.000803,1.23373,0.131742
129 tasks has been finished
Timestep 920
PBS:Succeed,1.49433,912,1825,27745,27317,31.8278,629,0.039605,0.136843,0.002018,0.032431,0.677066,0.005866,0.000785,1.2129,0.125673
151 tasks has been finished
Timestep 925
PBS:Succeed,1.5169,945,1891,27889,27436,31.9878,635,0.042142,0.14285,0.002524,0.034688,0.672656,0.00609,0.000849,1.23053,0.143294
125 tasks has been finished
Timestep 930
PBS:Succeed,1.6085,935,1871,27941,27471,32.0456,666,0.043676,0.15064,0.002436,0.035956,0.706537,0.006795,0.000874,1.32397,0.162457
124 tasks has been finished
Timestep 935
PBS:Succeed,1.4483,869,1739,27419,26976,31.4656,619,0.03808,0.131416,0.001955,0.029853,0.659696,0.005909,0.000825,1.16803,0.128645
122 tasks has been finished
Timestep 940
PBS:Succeed,1.45728,878,1757,27102,26674,31.1133,620,0.039143,0.133981,0.001941,0.030657,0.656973,0.005722,0.000784,1.18204,0.127859
128 tasks has been finished
Timestep 945
PBS:Succeed,1.41,884,1769,27255,26824,31.2833,622,0.037235,0.130263,0.001916,0.031636,0.64231,0.005825,0.000787,1.13548,0.123851
135 tasks has been finished
Timestep 950
PBS:Succeed,1.29526,809,1619,27344,26974,31.3822,633,0.036662,0.118859,0.00163,0.026565,0.60258,0.005336,0.00073,1.02174,0.104944
129 tasks has been finished
Timestep 955
PBS:Succeed,1.42268,869,1739,26618,26198,30.5756,575,0.039378,0.142326,0.002572,0.031335,0.64544,0.005321,0.00071,1.14404,0.116368
133 tasks has been finished
Timestep 960
PBS:Succeed,1.41738,862,1725,26001,25584,29.89,611,0.036647,0.131124,0.002239,0.029714,0.640765,0.005686,0.000761,1.14812,0.132073
116 tasks has been finished
Timestep 965
PBS:Succeed,1.3219,819,1639,26170,25747,30.0778,597,0.034601,0.120302,0.001654,0.027432,0.612702,0.005401,0.000714,1.04697,0.105345
144 tasks has been finished
Timestep 970
PBS:Succeed,1.53021,897,1795,26697,26217,30.6633,616,0.042965,0.149723,0.002596,0.031987,0.677222,0.00618,0.000771,1.23934,0.14009
143 tasks has been finished
Timestep 975
PBS:Succeed,1.54377,902,1805,26804,26310,30.7822,621,0.040696,0.14631,0.002317,0.034284,0.676057,0.006712,0.000798,1.26245,0.15986
134 tasks has been finished
Timestep 980
PBS:Succeed,1.56464,925,1851,26719,26204,30.6878,642,0.040987,0.147767,0.00235,0.033583,0.699166,0.006518,0.000859,1.28059,0.14072
136 tasks has been finished
Timestep 985
PBS:Succeed,1.69631,985,1971,26959,26430,30.9544,647,0.042763,0.160926,0.002799,0.038805,0.743106,0.006746,0.000841,1.40641,0.168282
135 tasks has been finished
Timestep 990
PBS:Succeed,1.60844,925,1851,26637,26141,30.5967,634,0.042174,0.153006,0.00255,0.03437,0.694192,0.00663,0.000854,1.31924,0.180032
123 tasks has been finished
Timestep 995
PBS:Succeed,1.60916,947,1895,26400,25908,30.3333,636,0.042508,0.153381,0.002398,0.035201,0.710503,0.006518,0.000847,1.32222,0.149449
125 tasks has been finished

Done!
*** Saving 7 ***
Done! (0 s)
      342.49 real       190.27 user       151.79 sys
           197001216  maximum resident set size
                   0  average shared memory size
                   0  average unshared data size
                   0  average unshared stack size
               12347  page reclaims
                   5  page faults
                   0  swaps
                   0  block input operations
                   0  block output operations
                   0  messages sent
                   0  messages received
                   0  signals received
                  23  voluntary context switches
               31970  involuntary context switches
       4993489140245  instructions retired
       1280398516119  cycles elapsed
           134283720  peak memory footprint
