*** Loading map ***
Map size: 77x37 with 50 induct stations and 275 eject stations.
Done! (0 s)
make section solver?
*** PreProcessing map ***
Done! (0 s)
*** Simulating 7 ***
Randomly generating initial locations
[MapSystem] Templates Initialized.
[MapSystem] Generating Procedural Map
  - Raw Grid: 37 x 77
  - Logical:  13 x 27
[MapSystem] Linking Sections...
[MapSystem] Linking Complete.
Timestep 0
PBSSection:Succeed,0.459164,864,1696,29389,28883,32.6622,563,0.045587,0.024263,0.00157,0.029365,0.242465,0.005202,0,0.211598,0.09324
46 tasks has been finished
Timestep 5
PBSSection:Succeed,0.407822,775,1521,28422,28052,31.58,519,0.039993,0.023324,0.00142,0.021279,0.226803,0.004335,0,0.18246,0.078123
99 tasks has been finished
Timestep 10
PBSSection:Succeed,0.441549,821,1614,29184,28773,32.4267,555,0.040707,0.021104,0.001311,0.02534,0.236734,0.004828,0,0.201821,0.094532
133 tasks has been finished
Timestep 15
PBSSection:No solutions,55.1926,28534,51629,-2,30232,34.0344,603,7.80385,38.5461,1.33357,1.92083,2.27458,0.037886,0,47.4466,2.65395
PBS:Succeed,1.20817,793,1587,30601,30232,35.0011,586,0.038878,0.109984,0.001464,0.028213,0.562978,0.005087,0.000644,0.949853,0.083888
136 tasks has been finished
Timestep 20
PBSSection:Succeed,0.602824,1038,2045,31209,30645,34.6767,632,0.063948,0.053201,0.002648,0.044807,0.261186,0.006883,0,0.322011,0.141312
131 tasks has been finished
Timestep 25
PBSSection:Succeed,0.640815,1044,2045,29945,29363,33.2722,651,0.063248,0.071786,0.003455,0.03592,0.26115,0.006415,0,0.370065,0.171818
95 tasks has been finished
Timestep 30
PBSSection:No solutions,31.3062,26130,51961,-2,27940,31.6089,636,3.42688,21.2847,0.911076,1.77886,1.75516,0.032839,0,27.7813,1.36694
PBS:Succeed,1.38144,915,1831,28349,27940,32.4989,644,0.03671,0.123559,0.002101,0.032013,0.622411,0.005605,0.000699,1.1194,0.117889
92 tasks has been finished
Timestep 35
PBSSection:Timeout,60.001,22925,42573,-1,27097,30.7822,699,5.94695,45.577,1.80316,1.80675,1.93626,0.034495,0,51.1725,2.7092
PBS:Succeed,1.51738,942,1885,27582,27097,31.6467,645,0.04069,0.138879,0.002548,0.035121,0.660122,0.00683,0.000817,1.24339,0.160817
107 tasks has been finished
Timestep 40
PBSSection:No solutions,46.0004,27720,51269,-2,25700,29.3667,690,3.49416,33.7344,1.40443,1.99032,1.92719,0.038323,0,38.6213,2.78553
PBS:Succeed,1.65822,978,1957,26255,25700,30.1722,629,0.045165,0.161549,0.003662,0.042059,0.706289,0.007193,0.000827,1.36832,0.178079
110 tasks has been finished
Timestep 45
PBSSection:Timeout,60.0004,23074,39961,-1,25498,29.0178,668,3.85333,45.1244,1.85927,1.79104,2.68881,0.041413,0,46.846,4.38779
PBS:Succeed,2.04537,1017,2035,26106,25498,30.0067,640,0.056073,0.221104,0.004872,0.050768,0.858711,0.008737,0.001146,1.70491,0.219347
112 tasks has been finished
Timestep 50
PBSSection:Succeed,1.19829,1210,2312,26703,25812,29.67,678,0.098345,0.248014,0.013803,0.054964,0.34621,0.009819,0,0.810487,0.390631
126 tasks has been finished
Timestep 55
PBSSection:Succeed,0.881436,1069,2059,26839,26080,29.8211,652,0.069599,0.112722,0.006316,0.044131,0.317388,0.008836,0,0.55451,0.293871
128 tasks has been finished
Timestep 60
PBSSection:Succeed,0.774975,950,1848,26447,25896,29.3856,621,0.063963,0.117634,0.005978,0.034723,0.297565,0.006916,0,0.460564,0.227245
132 tasks has been finished
Timestep 65
PBSSection:Succeed,0.589503,934,1830,25932,25448,28.8133,596,0.050513,0.042087,0.002639,0.033049,0.284934,0.006444,0,0.305685,0.147777
124 tasks has been finished
Timestep 70
PBSSection:Succeed,0.554203,892,1757,25863,25389,28.7367,603,0.050781,0.031605,0.002014,0.031242,0.285827,0.006148,0,0.266718,0.125837
135 tasks has been finished
Timestep 75
PBSSection:Succeed,0.566937,896,1764,26518,26046,29.4644,634,0.05053,0.039117,0.002322,0.031673,0.285294,0.006291,0,0.280032,0.128675
130 tasks has been finished
Timestep 80
PBSSection:Succeed,0.596695,917,1800,26149,25664,29.0544,576,0.056536,0.041376,0.002371,0.033563,0.290448,0.006379,0,0.309899,0.145368
130 tasks has been finished
Timestep 85
PBSSection:No solutions,53.2629,26562,51664,-2,26539,30.0044,615,5.18479,38.3864,1.43496,2.20689,2.77407,0.042273,0,47.6925,2.47169
PBS:Succeed,1.60718,890,1781,27022,26539,31.0244,649,0.045787,0.15391,0.002244,0.038354,0.719324,0.007335,0.000937,1.30432,0.138465
147 tasks has been finished
Timestep 90
PBSSection:Timeout,60.0031,18459,34127,-1,26707,30.2722,615,5.15922,45.3732,1.64358,1.64884,2.28102,0.034464,0,52.9445,3.47143
PBS:Succeed,1.62734,928,1857,27185,26707,31.2056,657,0.045806,0.154648,0.002408,0.039364,0.726379,0.00742,0.000907,1.32371,0.137075
141 tasks has been finished
Timestep 95
PBSSection:Timeout,60.0014,28852,51771,-1,26704,30.3189,623,4.98971,43.9729,1.75768,2.2084,3.31129,0.047986,0,48.0183,3.08524
PBS:Succeed,1.83708,940,1881,27209,26704,31.2322,653,0.053334,0.190553,0.003738,0.043377,0.788297,0.008003,0.001008,1.52468,0.195788
123 tasks has been finished
Timestep 100
PBSSection:No solutions,37.8803,25772,51249,-2,26284,29.7944,637,4.2519,23.9233,1.02864,2.08328,2.76557,0.048918,0,33.715,2.72119
PBS:Succeed,1.74137,937,1875,26785,26284,30.7611,608,0.049806,0.183195,0.003831,0.042187,0.748103,0.007425,0.000904,1.4322,0.17593
131 tasks has been finished
Timestep 105
PBSSection:Timeout,60.0013,28197,51373,-1,26002,29.5822,668,4.06161,43.3802,1.66902,2.39232,3.18428,0.045553,0,48.6448,4.24018
PBS:Succeed,1.80774,907,1815,26495,26002,30.4389,608,0.051159,0.211288,0.004006,0.045184,0.76952,0.008083,0.001019,1.49107,0.201672
134 tasks has been finished
Timestep 110
PBSSection:No solutions,54.5482,27766,51658,-2,25856,29.3678,626,4.43562,40.2112,1.62413,2.20294,2.88131,0.042303,0,46.0963,2.35516
PBS:Succeed,1.63974,932,1865,26355,25856,30.2833,631,0.044794,0.171049,0.003219,0.040629,0.721592,0.006974,0.000895,1.33783,0.150232
121 tasks has been finished
Timestep 115
PBSSection:Timeout,60.0013,26836,49948,-1,25698,29.3211,664,4.65564,42.3194,1.79361,2.27035,3.13539,0.048185,0,51.4655,5.11039
PBS:Succeed,1.56534,919,1839,26234,25698,30.1489,688,0.040772,0.146847,0.002504,0.036388,0.68998,0.007056,0.000876,1.28611,0.158303
124 tasks has been finished
Timestep 120
PBSSection:Succeed,0.592171,916,1784,26703,26139,29.67,625,0.053596,0.054107,0.004951,0.032644,0.277504,0.006389,0,0.311613,0.143516
139 tasks has been finished
Timestep 125
PBSSection:No solutions,36.3113,26761,51600,-2,26412,29.8811,573,4.16002,24.5377,1.01829,1.94615,2.33539,0.037168,0,31.5136,1.43927
PBS:Succeed,1.351,808,1617,26806,26412,30.7844,565,0.041234,0.128117,0.001696,0.030616,0.6232,0.005789,0.00075,1.05706,0.1021
146 tasks has been finished
Timestep 130
PBSSection:Succeed,0.634782,931,1806,27317,26748,30.3522,606,0.059205,0.063444,0.005364,0.035103,0.284654,0.00689,0,0.353247,0.165715
143 tasks has been finished
Timestep 135
PBSSection:Succeed,0.616075,858,1677,26932,26453,29.9244,540,0.057859,0.049539,0.002727,0.030374,0.297982,0.006761,0,0.320004,0.146957
123 tasks has been finished
Timestep 140
PBSSection:Succeed,0.519421,857,1683,27037,26582,30.0411,527,0.049121,0.034356,0.002053,0.027129,0.286606,0.005638,0,0.246512,0.103003
120 tasks has been finished
Timestep 145
PBSSection:Succeed,0.545419,827,1628,27052,26607,30.0578,530,0.050424,0.031099,0.001933,0.028405,0.306671,0.006067,0,0.257692,0.108917
134 tasks has been finished
Timestep 150
PBSSection:Succeed,0.631153,946,1861,27230,26724,30.2556,600,0.062554,0.040262,0.002485,0.035318,0.321167,0.007161,0,0.328578,0.140235
146 tasks has been finished
Timestep 155
PBSSection:Succeed,0.618615,868,1704,27115,26666,30.1278,622,0.057381,0.050858,0.002861,0.03089,0.30251,0.007009,0,0.323811,0.144976
122 tasks has been finished
Timestep 160
PBSSection:Succeed,0.550294,849,1660,27296,26842,30.3289,595,0.053862,0.034681,0.002062,0.028961,0.287213,0.006677,0,0.267183,0.118951
143 tasks has been finished
Timestep 165
PBSSection:Succeed,0.589498,916,1798,27640,27135,30.7111,635,0.057903,0.051975,0.002971,0.032138,0.283094,0.006514,0,0.309532,0.132896
128 tasks has been finished
Timestep 170
PBSSection:Succeed,0.55392,904,1775,27033,26557,30.0367,602,0.052014,0.044489,0.002476,0.029898,0.27472,0.006103,0,0.282564,0.127353
127 tasks has been finished
Timestep 175
PBSSection:Succeed,0.592412,945,1859,27663,27179,30.7367,610,0.055221,0.047103,0.002608,0.034003,0.284844,0.00665,0,0.307463,0.136132
132 tasks has been finished
Timestep 180
PBSSection:Succeed,0.477738,813,1601,27545,27113,30.6056,603,0.044136,0.026223,0.001594,0.02511,0.263689,0.005565,0,0.219286,0.09807
133 tasks has been finished
Timestep 185
PBSSection:Succeed,0.611776,947,1872,27561,27060,30.6233,621,0.060644,0.049369,0.002768,0.035138,0.293863,0.007149,0,0.322271,0.135336
125 tasks has been finished
Timestep 190
PBSSection:Succeed,0.599295,933,1825,27203,26678,30.2256,615,0.052056,0.052563,0.003016,0.03201,0.27195,0.006594,0,0.318441,0.160363
124 tasks has been finished
Timestep 195
PBSSection:No solutions,27.9828,26532,51734,-2,26790,30.3278,617,3.53272,16.7977,0.713125,1.94905,2.72566,0.040295,0,23.6773,1.07125
PBS:Succeed,1.50046,860,1721,27227,26790,31.2522,632,0.043127,0.149521,0.002124,0.03152,0.678435,0.007276,0.000929,1.21437,0.129427
127 tasks has been finished
Timestep 200
PBSSection:Succeed,0.647711,895,1754,27451,26934,30.5011,613,0.061326,0.066802,0.005565,0.034806,0.304581,0.006734,0,0.35223,0.149141
133 tasks has been finished
Timestep 205
PBSSection:Succeed,0.714168,1029,1992,26773,26140,29.7478,613,0.067082,0.082717,0.004354,0.038483,0.290004,0.007811,0,0.418715,0.197127
130 tasks has been finished
Timestep 210
PBSSection:Succeed,0.721453,1038,2018,27252,26546,30.28,614,0.068875,0.095174,0.004739,0.039976,0.294525,0.007624,0,0.411139,0.183083
110 tasks has been finished
Timestep 215
PBSSection:No solutions,24.0357,28337,51558,-2,26340,29.8533,594,2.99348,13.2052,0.576577,1.98518,2.47159,0.038678,0,18.5869,1.28855
PBS:Succeed,1.81064,928,1857,26811,26340,30.79,649,0.053809,0.198074,0.003719,0.038846,0.780547,0.008124,0.001027,1.48507,0.18559
139 tasks has been finished
Timestep 220
PBSSection:Succeed,0.83301,1055,2047,27032,26377,30.0356,660,0.076556,0.092543,0.007447,0.047304,0.333562,0.009184,0,0.494652,0.239126
117 tasks has been finished
Timestep 225
PBSSection:No solutions,25.2004,26681,51605,-2,26333,29.8622,592,2.61761,13.4164,0.647194,1.96552,2.82218,0.044012,0,20.2185,2.17192
PBS:Succeed,1.72404,914,1829,26840,26333,30.8222,580,0.050123,0.17799,0.003059,0.040771,0.750363,0.007492,0.000965,1.42014,0.166255
138 tasks has been finished
Timestep 230
PBSSection:Succeed,0.669945,975,1898,27143,26487,30.1589,615,0.060062,0.068157,0.005816,0.037119,0.287427,0.007282,0,0.371101,0.182513
137 tasks has been finished
Timestep 235
PBSSection:Succeed,0.572265,909,1774,26893,26398,29.8811,629,0.04942,0.041568,0.002496,0.031146,0.275018,0.006501,0,0.292999,0.143369
128 tasks has been finished
Timestep 240
PBSSection:Succeed,0.572882,898,1762,27275,26845,30.3056,574,0.054044,0.046511,0.00254,0.031901,0.289767,0.006126,0,0.280078,0.120401
129 tasks has been finished
Timestep 245
PBSSection:Succeed,0.549766,851,1676,27509,27054,30.5656,577,0.055994,0.037371,0.002046,0.030201,0.284307,0.006509,0,0.273317,0.115984
132 tasks has been finished
Timestep 250
PBSSection:Succeed,0.539722,806,1588,27251,26822,30.2789,578,0.049659,0.036988,0.002137,0.027464,0.294051,0.005871,0,0.26134,0.111405
138 tasks has been finished
Timestep 255
PBSSection:Succeed,0.58441,870,1708,27007,26537,30.0078,600,0.052691,0.037259,0.002255,0.031839,0.291121,0.0067,0,0.294799,0.131726
124 tasks has been finished
Timestep 260
PBSSection:Succeed,0.555167,918,1791,27195,26695,30.2167,626,0.050629,0.038177,0.002192,0.032989,0.28349,0.00667,0,0.279727,0.127901
133 tasks has been finished
Timestep 265
PBSSection:No solutions,25.1384,27849,51767,-2,26192,29.6244,606,3.11562,13.8476,0.59962,2.00871,2.56416,0.040708,0,19.5623,1.4967
PBS:Succeed,1.32201,818,1637,26593,26192,30.5478,567,0.037075,0.122882,0.001822,0.029017,0.612274,0.005213,0.000693,1.05069,0.099949
117 tasks has been finished
Timestep 270
PBSSection:Succeed,0.569821,972,1921,26701,26181,29.6678,595,0.052282,0.038222,0.004112,0.036268,0.277278,0.006705,0,0.29338,0.134905
139 tasks has been finished
Timestep 275
PBSSection:Succeed,0.574343,965,1894,26090,25577,28.9889,616,0.050752,0.036968,0.002198,0.034799,0.283504,0.00695,0,0.291846,0.139028
104 tasks has been finished
Timestep 280
PBSSection:Succeed,0.55442,936,1839,26064,25562,28.96,616,0.051481,0.034857,0.002143,0.033419,0.282557,0.006693,0,0.272865,0.122664
131 tasks has been finished
Timestep 285
PBSSection:Succeed,0.606244,948,1856,26658,26108,29.62,638,0.054213,0.05505,0.003023,0.033879,0.274136,0.006881,0,0.332369,0.15884
143 tasks has been finished
Timestep 290
PBSSection:No solutions,37.1931,28100,51659,-2,26629,30.15,628,4.47714,23.8341,1.06652,2.04948,2.58476,0.041141,0,30.5184,2.01863
PBS:Succeed,1.69327,886,1773,27103,26629,31.1144,614,0.051092,0.187014,0.002992,0.038575,0.740704,0.007944,0.001019,1.38565,0.160798
127 tasks has been finished
Timestep 295
PBSSection:No solutions,51.3971,26670,51348,-2,26592,30.1833,607,4.6703,37.8936,1.3858,2.13483,2.77146,0.044358,0,45.3395,1.75804
PBS:Succeed,1.46232,888,1777,27064,26592,31.0711,607,0.040168,0.138314,0.002157,0.033294,0.653569,0.006113,0.000812,1.1832,0.13597
136 tasks has been finished
Timestep 300
PBSSection:No solutions,20.691,27728,51917,-2,26210,29.7889,656,2.36276,10.8127,0.45126,1.94354,2.58725,0.041605,0,15.785,1.01044
PBS:Succeed,1.706,979,1959,26745,26210,30.7167,639,0.045826,0.167743,0.003097,0.040213,0.74009,0.007235,0.000867,1.41088,0.165956
123 tasks has been finished
Timestep 305
PBSSection:Succeed,0.570565,969,1899,26536,25962,29.4844,602,0.050873,0.046549,0.005023,0.035678,0.277605,0.006778,0,0.295693,0.132816
123 tasks has been finished
Timestep 310
PBSSection:Succeed,0.624874,979,1905,26740,26122,29.7111,610,0.055791,0.058006,0.003188,0.034777,0.284959,0.006877,0,0.334483,0.155903
135 tasks has been finished
Timestep 315
PBSSection:No solutions,22.7462,31621,51639,-2,26428,29.9456,607,3.42477,10.4235,0.487949,2.06021,2.62221,0.043198,0,14.4182,1.94771
PBS:Succeed,1.46033,838,1677,26882,26428,30.8689,608,0.041912,0.137568,0.002101,0.032774,0.669675,0.006372,0.000841,1.16094,0.127421
138 tasks has been finished
Timestep 320
PBSSection:Succeed,0.78452,1029,1993,26972,26335,29.9689,607,0.071638,0.086015,0.006229,0.043573,0.323311,0.008385,0,0.455133,0.21977
122 tasks has been finished
Timestep 325
PBSSection:Succeed,0.626363,931,1816,26937,26404,29.93,591,0.057997,0.043513,0.002593,0.035309,0.303355,0.007428,0,0.323465,0.149746
124 tasks has been finished
Timestep 330
PBSSection:Timeout,60.0018,25821,48564,-1,26880,30.4311,612,5.38046,43.955,1.58735,2.056,2.98907,0.042117,0,52.2409,3.24184
PBS:Succeed,1.61943,882,1765,27361,26880,31.4011,630,0.048252,0.169682,0.002924,0.037858,0.708638,0.007555,0.000938,1.32169,0.148945
133 tasks has been finished
Timestep 335
PBSSection:Succeed,0.60788,934,1836,27519,26971,30.5767,617,0.057352,0.047359,0.004722,0.035505,0.288728,0.007086,0,0.323584,0.147513
133 tasks has been finished
Timestep 340
PBSSection:Succeed,0.527734,886,1726,27025,26549,30.0278,611,0.047174,0.028525,0.001823,0.03045,0.268529,0.006542,0,0.255047,0.120466
134 tasks has been finished
Timestep 345
PBSSection:Succeed,0.619293,933,1816,26914,26339,29.9044,592,0.060494,0.066993,0.003492,0.03253,0.284914,0.006726,0,0.329623,0.145229
121 tasks has been finished
Timestep 350
PBSSection:Succeed,0.585644,911,1786,26213,25716,29.1256,569,0.056912,0.048203,0.002818,0.033208,0.291509,0.007036,0,0.306868,0.130772
121 tasks has been finished
Timestep 355
PBSSection:Succeed,0.562411,852,1671,25914,25453,28.7933,569,0.0525,0.040451,0.002413,0.031434,0.284631,0.00651,0,0.285244,0.126228
126 tasks has been finished
Timestep 360
PBSSection:Succeed,0.620396,905,1772,26096,25579,28.9956,557,0.05983,0.057662,0.003418,0.033759,0.286363,0.007079,0,0.334839,0.145072
132 tasks has been finished
Timestep 365
PBSSection:Succeed,0.486407,819,1610,26884,26467,29.8711,583,0.045324,0.030624,0.001801,0.025842,0.26759,0.005445,0,0.220959,0.093017
143 tasks has been finished
Timestep 370
PBSSection:Succeed,0.571834,865,1705,26707,26283,29.6744,556,0.053628,0.039162,0.00237,0.031368,0.292188,0.006587,0,0.284917,0.120456
136 tasks has been finished
Timestep 375
PBSSection:Succeed,0.532059,873,1718,26855,26388,29.8389,575,0.046452,0.036038,0.002167,0.029888,0.269055,0.00629,0,0.267512,0.126502
134 tasks has been finished
Timestep 380
PBSSection:Succeed,0.45809,791,1553,26498,26106,29.4422,559,0.041625,0.023373,0.001497,0.024533,0.262288,0.005343,0,0.201984,0.085272
136 tasks has been finished
Timestep 385
PBSSection:Succeed,0.486065,817,1615,26483,26042,29.4256,542,0.044331,0.029576,0.001838,0.02585,0.269412,0.005522,0,0.221213,0.093048
124 tasks has been finished
Timestep 390
PBSSection:Succeed,0.506136,868,1707,26372,25913,29.3022,559,0.045825,0.031823,0.001878,0.029572,0.265749,0.005944,0,0.243288,0.106869
145 tasks has been finished
Timestep 395
PBSSection:Succeed,0.471414,844,1671,27156,26774,30.1733,592,0.043734,0.021542,0.001433,0.026725,0.264414,0.00583,0,0.209303,0.092421
128 tasks has been finished
Timestep 400
PBSSection:No solutions,46.9302,26132,51402,-2,26694,30.1456,604,4.41188,34.4054,1.33939,1.97463,2.22585,0.037735,0,42.5472,2.00814
PBS:Succeed,1.5129,909,1819,27109,26694,31.1211,603,0.043573,0.145491,0.002223,0.037956,0.686771,0.006759,0.000874,1.20452,0.128377
127 tasks has been finished
Timestep 405
PBSSection:Succeed,0.544545,889,1750,27410,26975,30.4556,591,0.050916,0.0375,0.004414,0.032799,0.277697,0.006585,0,0.271788,0.120639
143 tasks has been finished
Timestep 410
PBSSection:Succeed,0.781401,1002,1938,27773,27155,30.8589,602,0.066578,0.096271,0.004894,0.038991,0.315277,0.008002,0,0.46002,0.226124
132 tasks has been finished
Timestep 415
PBSSection:Succeed,0.551657,879,1722,27189,26718,30.21,627,0.050499,0.039637,0.002436,0.029542,0.283994,0.006603,0,0.275555,0.123363
121 tasks has been finished
Timestep 420
PBSSection:Succeed,0.509838,819,1618,27106,26704,30.1178,587,0.048705,0.028073,0.001833,0.028076,0.2809,0.006313,0,0.240118,0.103949
129 tasks has been finished
Timestep 425
PBSSection:Succeed,0.609414,913,1802,27236,26753,30.2622,577,0.055375,0.061421,0.003263,0.031632,0.289897,0.006861,0,0.32711,0.147368
129 tasks has been finished
Timestep 430
PBSSection:Succeed,0.530769,878,1714,26699,26212,29.6656,606,0.049956,0.030467,0.001963,0.029394,0.278735,0.006852,0,0.255034,0.117574
115 tasks has been finished
Timestep 435
PBSSection:Succeed,0.618292,915,1788,26816,26245,29.7956,572,0.054381,0.055024,0.003023,0.032296,0.287219,0.006957,0,0.330401,0.154992
137 tasks has been finished
Timestep 440
PBSSection:Succeed,0.630371,902,1773,26748,26258,29.72,572,0.06036,0.063461,0.003461,0.03345,0.307302,0.006849,0,0.346249,0.149391
130 tasks has been finished
Timestep 445
PBSSection:Succeed,0.597565,887,1744,26997,26518,29.9967,589,0.055154,0.039816,0.002321,0.032222,0.287523,0.007583,0,0.307004,0.141478
139 tasks has been finished
Timestep 450
PBSSection:Succeed,0.506292,889,1749,27360,26887,30.4,576,0.049497,0.033529,0.002003,0.029306,0.263333,0.005999,0,0.241061,0.102678
128 tasks has been finished
Timestep 455
PBSSection:Succeed,0.54063,884,1738,27989,27504,31.0989,615,0.049832,0.043956,0.002566,0.029787,0.272463,0.006073,0,0.27098,0.120446
146 tasks has been finished
Timestep 460
PBSSection:Succeed,0.644858,941,1839,27345,26838,30.3833,611,0.054526,0.069434,0.003571,0.032456,0.277527,0.007175,0,0.359863,0.174858
122 tasks has been finished
Timestep 465
PBSSection:Timeout,60.0002,26873,50938,-1,25957,29.3556,604,4.97132,45.6338,1.75773,2.12524,2.47797,0.039553,0,51.6125,2.55054
PBS:Succeed,1.38425,813,1627,26373,25957,30.3033,627,0.04197,0.13928,0.002282,0.032315,0.620515,0.006134,0.000791,1.09052,0.122359
125 tasks has been finished
Timestep 470
PBSSection:Succeed,0.73602,972,1894,26131,25595,29.0344,625,0.069482,0.076002,0.006821,0.04205,0.338271,0.008746,0,0.400007,0.176713
117 tasks has been finished
Timestep 475
PBSSection:Succeed,0.788776,990,1931,25934,25361,28.8156,593,0.069576,0.091324,0.004907,0.040741,0.345478,0.008227,0,0.456702,0.196174
125 tasks has been finished
Timestep 480
PBSSection:Succeed,0.629768,929,1816,26001,25490,28.89,574,0.059604,0.051182,0.002963,0.033945,0.292174,0.007602,0,0.347149,0.163274
126 tasks has been finished
Timestep 485
PBSSection:Succeed,0.567155,865,1705,26220,25749,29.1333,605,0.053166,0.033048,0.002122,0.031399,0.296694,0.007044,0,0.279327,0.123135
147 tasks has been finished
Timestep 490
PBSSection:Succeed,0.588328,904,1772,26592,26100,29.5467,622,0.054112,0.042038,0.002531,0.032483,0.307234,0.007259,0,0.295552,0.126877
134 tasks has been finished
Timestep 495
PBSSection:Succeed,0.546633,878,1726,26257,25795,29.1744,551,0.052897,0.037964,0.002228,0.029313,0.272266,0.006641,0,0.278712,0.127592
133 tasks has been finished
Timestep 500
PBSSection:No solutions,47.6076,29426,51757,-2,26024,29.4344,588,3.46835,33.5239,1.35453,2.15165,2.85616,0.046083,0,38.9079,3.34971
PBS:Succeed,1.50268,896,1793,26473,26024,30.4144,635,0.041601,0.145119,0.002499,0.036474,0.66562,0.006557,0.000824,1.21094,0.141487
142 tasks has been finished
Timestep 505
PBSSection:Succeed,0.642036,944,1844,26746,26179,29.7178,622,0.062295,0.050385,0.004918,0.037181,0.312888,0.007723,0,0.33403,0.144998
126 tasks has been finished
Timestep 510
PBSSection:Succeed,0.546719,888,1754,27151,26693,30.1678,584,0.048314,0.029198,0.001851,0.031159,0.299135,0.006852,0,0.260044,0.115775
145 tasks has been finished
Timestep 515
PBSSection:Succeed,0.656897,975,1912,26933,26395,29.9256,588,0.066518,0.054853,0.003012,0.037716,0.294888,0.007825,0,0.363366,0.165017
140 tasks has been finished
Timestep 520
PBSSection:Succeed,0.636369,930,1818,26494,25989,29.4378,628,0.056371,0.049833,0.002961,0.033958,0.309509,0.007296,0,0.333198,0.157309
117 tasks has been finished
Timestep 525
PBSSection:Succeed,0.652465,956,1864,26179,25624,29.0878,611,0.056578,0.047355,0.002761,0.035261,0.346727,0.007368,0,0.318836,0.146872
128 tasks has been finished
Timestep 530
PBSSection:Succeed,0.713244,936,1816,25828,25305,28.6978,641,0.069117,0.065812,0.003776,0.038472,0.331933,0.008789,0,0.394186,0.168324
126 tasks has been finished
Timestep 535
PBSSection:Succeed,0.641845,915,1793,25616,25107,28.4622,599,0.060468,0.05587,0.003491,0.035364,0.315924,0.007648,0,0.349926,0.147695
126 tasks has been finished
Timestep 540
PBSSection:Succeed,0.646661,930,1830,25809,25312,28.6767,594,0.060079,0.05773,0.003361,0.035683,0.325418,0.007273,0,0.338213,0.14067
132 tasks has been finished
Timestep 545
PBSSection:Succeed,0.650308,951,1864,26068,25549,28.9644,607,0.063174,0.061146,0.003504,0.036397,0.312325,0.007371,0,0.348451,0.150591
127 tasks has been finished
Timestep 550
PBSSection:Succeed,0.820004,1023,2004,26199,25624,29.11,661,0.070155,0.079372,0.004511,0.042968,0.335163,0.008965,0,0.475209,0.236659
150 tasks has been finished
Timestep 555
PBSSection:Succeed,0.702875,953,1867,25537,25016,28.3744,610,0.063283,0.049499,0.003199,0.039789,0.327395,0.009085,0,0.381683,0.176675
114 tasks has been finished
Timestep 560
PBSSection:Succeed,0.650532,927,1797,26507,25920,29.4522,586,0.059635,0.053405,0.003235,0.035584,0.307208,0.007681,0,0.352963,0.162434
154 tasks has been finished
Timestep 565
PBSSection:No solutions,53.191,27441,51567,-2,26151,29.58,590,5.32022,37.9857,1.57937,2.20758,2.8625,0.044179,0,45.3508,2.49092
PBS:Succeed,1.61221,884,1769,26581,26151,30.5344,622,0.046666,0.164184,0.002303,0.039796,0.715109,0.007435,0.000894,1.2844,0.1497
146 tasks has been finished
Timestep 570
PBSSection:Succeed,0.599475,889,1748,26822,26360,29.8022,612,0.05304,0.040911,0.004837,0.036664,0.300597,0.007135,0,0.295043,0.130285
127 tasks has been finished
Timestep 575
PBSSection:Succeed,0.643501,968,1907,27089,26557,30.0989,614,0.0597,0.044059,0.002574,0.037912,0.327326,0.007609,0,0.33595,0.146726
120 tasks has been finished
Timestep 580
PBSSection:Succeed,0.764753,1004,1960,27506,26850,30.5622,602,0.080435,0.100147,0.005434,0.040433,0.333802,0.0085,0,0.446859,0.178543
119 tasks has been finished
Timestep 585
PBSSection:Succeed,0.669369,970,1883,26918,26356,29.9089,613,0.060748,0.056384,0.003218,0.036722,0.317283,0.007423,0,0.350222,0.164598
137 tasks has been finished
Timestep 590
PBSSection:Succeed,0.808033,972,1887,27326,26734,30.3622,580,0.077232,0.112091,0.00575,0.039246,0.319977,0.00859,0,0.482834,0.220312
124 tasks has been finished
Timestep 595
PBSSection:No solutions,36.9635,27636,51736,-2,26082,29.5822,601,4.08659,23.875,1.04888,2.13076,2.74808,0.042858,0,31.4913,1.98043
PBS:Succeed,1.55245,922,1845,26523,26082,30.47,641,0.042285,0.145792,0.002447,0.035023,0.690118,0.006731,0.000843,1.25952,0.140198
135 tasks has been finished
Timestep 600
PBSSection:No solutions,38.0665,27016,51353,-2,25507,28.9456,638,4.1348,25.1045,1.06178,2.11354,2.6213,0.040961,0,32.5251,1.92343
PBS:Succeed,1.64714,968,1937,25983,25507,29.87,648,0.046543,0.16109,0.002766,0.041036,0.71817,0.007327,0.000929,1.34899,0.155986
118 tasks has been finished
Timestep 605
PBSSection:No solutions,21.9216,26313,51828,-2,25314,28.6811,625,2.33587,12.7145,0.607268,1.817,2.14099,0.036742,0,18.2932,1.16592
PBS:Succeed,1.35625,854,1709,25734,25314,29.5933,590,0.035937,0.124358,0.002146,0.028518,0.628486,0.005785,0.000751,1.08148,0.115472
126 tasks has been finished
Timestep 610
PBSSection:No solutions,46.9535,26607,51572,-2,25535,29.1189,634,4.00406,34.1499,1.44014,1.97766,2.1728,0.039585,0,41.9681,2.73924
PBS:Succeed,1.57058,924,1849,26058,25535,29.9533,629,0.039845,0.147469,0.002722,0.036644,0.698878,0.00647,0.000817,1.28522,0.145428
144 tasks has been finished
Timestep 615
PBSSection:No solutions,52.5254,25858,51170,-2,25294,28.8289,639,5.97661,37.726,1.55405,2.01056,2.15082,0.037922,0,48.3172,2.76407
PBS:Succeed,1.61519,925,1851,25844,25294,29.7156,641,0.039964,0.152486,0.00264,0.036926,0.717198,0.006748,0.000777,1.3264,0.152145
124 tasks has been finished
Timestep 620
PBSSection:Succeed,9.24436,8326,14780,26411,25642,29.3456,646,1.0028,5.60667,0.261038,0.528735,0.950395,0.016563,0,6.52652,0.582492
146 tasks has been finished
Timestep 625
PBSSection:Succeed,0.589512,927,1814,26565,26037,29.5167,599,0.053998,0.05544,0.003664,0.033088,0.279559,0.006716,0,0.309213,0.138259
135 tasks has been finished
Timestep 630
PBSSection:Succeed,0.568864,905,1762,26689,26143,29.6544,574,0.05005,0.037191,0.002294,0.031419,0.278977,0.006769,0,0.291941,0.146475
137 tasks has been finished
Timestep 635
PBSSection:Succeed,0.635655,973,1901,26056,25478,28.9511,592,0.054632,0.054176,0.003065,0.036142,0.287722,0.007455,0,0.339811,0.166389
113 tasks has been finished
Timestep 640
PBSSection:Succeed,0.477473,816,1614,26605,26191,29.5611,554,0.042132,0.024128,0.00147,0.025563,0.267681,0.005621,0,0.204011,0.086978
142 tasks has been finished
Timestep 645
PBSSection:Succeed,0.582826,921,1804,26489,25964,29.4322,582,0.052224,0.049003,0.00277,0.031895,0.283241,0.006617,0,0.30494,0.13579
142 tasks has been finished
Timestep 650
PBSSection:Succeed,0.506857,824,1626,25880,25456,28.7556,560,0.042897,0.030026,0.001843,0.025723,0.269611,0.006197,0,0.239625,0.10902
118 tasks has been finished
Timestep 655
PBSSection:Succeed,0.452207,765,1514,26148,25790,29.0533,555,0.039536,0.022698,0.001454,0.023031,0.256071,0.005554,0,0.200222,0.087751
142 tasks has been finished
Timestep 660
PBSSection:Succeed,0.52814,907,1788,26290,25795,29.2111,606,0.045605,0.035541,0.002134,0.031123,0.267839,0.00635,0,0.260529,0.120088
134 tasks has been finished
Timestep 665
PBSSection:Succeed,0.541434,924,1806,26681,26218,29.6456,627,0.047358,0.03177,0.001924,0.032586,0.280513,0.006945,0,0.267742,0.126004
142 tasks has been finished
Timestep 670
PBSSection:Timeout,60.0009,25529,46421,-1,25747,29.0411,588,4.1635,47.266,1.77503,1.97065,2.09176,0.034767,0,51.112,2.46857
PBS:Succeed,1.21489,782,1565,26121,25747,30.0233,555,0.031675,0.107373,0.001489,0.02661,0.576265,0.004939,0.000641,0.951596,0.090765
126 tasks has been finished
Timestep 675
PBSSection:Succeed,0.607079,950,1855,26748,26204,29.72,602,0.0555,0.051896,0.005095,0.035162,0.287084,0.007035,0,0.309988,0.139436
141 tasks has been finished
Timestep 680
PBSSection:Succeed,0.520152,849,1671,26581,26131,29.5344,596,0.047461,0.029562,0.001958,0.028053,0.263696,0.006504,0,0.254538,0.121688
136 tasks has been finished
Timestep 685
PBSSection:No solutions,58.0448,27546,51674,-2,26196,29.6544,575,4.72831,44.131,1.65854,2.02498,2.35984,0.039193,0,50.4191,2.74381
PBS:Succeed,1.38624,843,1687,26611,26196,30.5678,614,0.037914,0.131584,0.002104,0.030673,0.638384,0.005727,0.000721,1.10347,0.108389
124 tasks has been finished
Timestep 690
PBSSection:Succeed,0.605925,953,1860,26462,25920,29.4022,605,0.053118,0.064091,0.005835,0.0345,0.278981,0.006802,0,0.315982,0.142059
142 tasks has been finished
Timestep 695
PBSSection:No solutions,22.2967,30867,51492,-2,25431,28.8978,619,3.0092,10.5543,0.481717,2.05341,2.95035,0.045655,0,15.2161,1.47308
PBS:Succeed,1.36203,836,1673,25860,25431,29.7333,630,0.035205,0.123161,0.002053,0.030124,0.626258,0.005716,0.000715,1.09168,0.114194
127 tasks has been finished
Timestep 700
PBSSection:Succeed,0.58824,960,1872,25872,25311,28.7467,617,0.05079,0.045476,0.00488,0.03674,0.286541,0.007307,0,0.304115,0.142064
131 tasks has been finished
Timestep 705
PBSSection:Succeed,0.536416,881,1728,26296,25830,29.2178,606,0.045814,0.03159,0.002012,0.029178,0.272389,0.006577,0,0.260644,0.125305
137 tasks has been finished
Timestep 710
PBSSection:Succeed,0.623574,938,1836,25971,25433,28.8567,606,0.05424,0.056557,0.003326,0.054423,0.277742,0.006985,0,0.32462,0.148102
129 tasks has been finished
Timestep 715
PBSSection:Succeed,0.521356,879,1734,26867,26385,29.8522,604,0.047572,0.036943,0.002214,0.030093,0.276886,0.006246,0,0.252935,0.109333
134 tasks has been finished
Timestep 720
PBSSection:Timeout,60,23363,45331,-1,26385,29.8889,634,5.45238,44.3533,1.62406,1.78128,2.47095,0.039925,0,55.021,4.14676
PBS:Succeed,1.49119,909,1819,26855,26385,30.8389,601,0.038627,0.135444,0.002085,0.035195,0.668381,0.006435,0.000791,1.20504,0.137925
131 tasks has been finished
Timestep 725
PBSSection:Succeed,0.575428,935,1840,27286,26733,30.3178,638,0.052604,0.046034,0.005119,0.035298,0.278135,0.006938,0,0.297979,0.133659
127 tasks has been finished
Timestep 730
PBSSection:Succeed,0.518506,859,1683,27010,26580,30.0111,577,0.047271,0.036511,0.002285,0.028288,0.270449,0.006376,0,0.253066,0.111673
147 tasks has been finished
Timestep 735
PBSSection:No solutions,34.538,25906,51219,-2,26506,29.98,593,3.21724,23.1743,0.988687,1.86477,2.13562,0.037434,0,30.3954,2.38421
PBS:Succeed,1.43293,888,1777,26935,26506,30.9278,641,0.037567,0.130932,0.002347,0.033268,0.640687,0.006119,0.000797,1.15683,0.144073
126 tasks has been finished
Timestep 740
PBSSection:Succeed,0.559561,892,1735,27095,26617,30.1056,611,0.047847,0.040794,0.005061,0.031961,0.273757,0.007028,0,0.28324,0.138967
140 tasks has been finished
Timestep 745
PBSSection:Succeed,0.558186,934,1839,27150,26658,30.1667,602,0.052178,0.042682,0.002603,0.032449,0.274794,0.006549,0,0.287436,0.128125
125 tasks has been finished
Timestep 750
PBSSection:Succeed,0.523154,869,1708,27243,26783,30.27,629,0.044748,0.031638,0.001924,0.029109,0.27016,0.006473,0,0.250058,0.119616
136 tasks has been finished
Timestep 755
PBSSection:Succeed,0.609121,963,1889,27389,26852,30.4322,606,0.055513,0.060807,0.003252,0.033999,0.278398,0.006983,0,0.325914,0.147536
118 tasks has been finished
Timestep 760
PBSSection:No solutions,56.8086,31671,51346,-2,26753,30.2356,618,6.05854,39.2673,1.49225,2.24431,2.74483,0.043835,0,42.2169,4.04323
PBS:Succeed,1.38194,860,1721,27174,26753,31.1933,671,0.039759,0.128449,0.001943,0.031614,0.632011,0.005986,0.000751,1.10275,0.114422
125 tasks has been finished
Timestep 765
PBSSection:Succeed,0.546797,883,1716,26982,26475,29.98,581,0.05285,0.046189,0.004912,0.031198,0.272214,0.006474,0,0.265617,0.119481
132 tasks has been finished
Timestep 770
PBSSection:Succeed,0.529962,901,1765,26506,26010,29.4511,617,0.049246,0.034672,0.002076,0.030611,0.271134,0.006509,0,0.256446,0.113864
133 tasks has been finished
Timestep 775
PBSSection:Succeed,0.609583,965,1888,26702,26174,29.6689,619,0.060417,0.058405,0.003232,0.035175,0.279379,0.006934,0,0.319654,0.140846
135 tasks has been finished
Timestep 780
PBSSection:Succeed,0.709183,1025,1984,26673,26042,29.6367,620,0.064726,0.105601,0.005342,0.037738,0.294686,0.007141,0,0.393797,0.171103
125 tasks has been finished
Timestep 785
PBSSection:No solutions,46.1008,28055,51262,-2,26161,29.6111,572,4.08766,31.9089,1.27725,1.94791,2.7016,0.045808,0,36.0907,3.51218
PBS:Succeed,1.3615,823,1647,26592,26161,30.5467,597,0.035493,0.128814,0.002195,0.03046,0.620973,0.005531,0.000722,1.08456,0.125348
120 tasks has been finished
Timestep 790
PBSSection:Succeed,0.701402,978,1910,26933,26331,29.9256,600,0.056727,0.077223,0.008085,0.03843,0.285153,0.00788,0,0.406689,0.206094
140 tasks has been finished
Timestep 795
PBSSection:Succeed,0.549171,894,1763,26839,26347,29.8211,605,0.049341,0.034899,0.002129,0.03017,0.281383,0.006549,0,0.267133,0.119868
123 tasks has been finished
Timestep 800
PBSSection:No solutions,52.9418,26457,51203,-2,27173,30.7667,602,5.64944,39.2793,1.53209,1.95522,2.29967,0.037915,0,47.5685,1.78848
PBS:Succeed,1.31266,805,1611,27585,27173,31.65,601,0.036664,0.11887,0.001689,0.028548,0.60692,0.005893,0.000715,1.03905,0.109914
146 tasks has been finished
Timestep 805
PBSSection:No solutions,12.6541,26456,51816,-2,26859,30.42,618,1.28097,4.96008,0.214878,1.68442,1.96558,0.035938,0,9.05719,1.10206
PBS:Succeed,1.39386,839,1679,27304,26859,31.3378,621,0.036956,0.128277,0.002056,0.027889,0.641711,0.005228,0.000716,1.11987,0.112272
128 tasks has been finished
Timestep 810
PBSSection:No solutions,43.6492,26774,51938,-2,26587,30.2044,646,3.70087,30.7789,1.20121,2.14418,2.38175,0.04092,0,38.5184,2.63344
PBS:Succeed,1.62332,940,1881,27088,26587,31.0978,624,0.041137,0.150458,0.002777,0.037317,0.711681,0.006815,0.000818,1.3329,0.169368
140 tasks has been finished
Timestep 815
PBSSection:No solutions,29.4434,27861,51696,-2,26324,29.8456,663,2.95532,18.4871,0.85392,1.97977,2.32379,0.039185,0,24.058,1.72085
PBS:Succeed,1.56359,909,1819,26812,26324,30.7911,602,0.041273,0.148986,0.002632,0.035245,0.696416,0.006435,0.000792,1.27329,0.146054
111 tasks has been finished
Timestep 820
PBSSection:Succeed,0.647016,1015,1976,26609,26031,29.5656,650,0.056199,0.051961,0.005674,0.039343,0.284339,0.008116,0,0.353119,0.174437
124 tasks has been finished
Timestep 825
PBSSection:Succeed,0.550493,888,1734,26311,25804,29.2344,606,0.050204,0.038268,0.002282,0.029902,0.274383,0.006861,0,0.281738,0.134348
128 tasks has been finished
Timestep 830
PBSSection:Succeed,0.454741,798,1571,26766,26366,29.74,571,0.0402,0.024462,0.001557,0.023449,0.255979,0.005764,0,0.202096,0.090154
144 tasks has been finished
Timestep 835
PBSSection:Succeed,0.545649,901,1771,26788,26308,29.7644,543,0.051201,0.051193,0.002717,0.030822,0.275154,0.006138,0,0.267947,0.109594
132 tasks has been finished
Timestep 840
PBSSection:Succeed,0.572023,927,1816,26972,26412,29.9689,601,0.052416,0.041367,0.002393,0.032314,0.287451,0.007041,0,0.286425,0.127564
128 tasks has been finished
Timestep 845
PBSSection:Succeed,0.574265,929,1825,26532,25993,29.48,618,0.054335,0.038928,0.002477,0.033792,0.281001,0.007407,0,0.296019,0.138146
119 tasks has been finished
Timestep 850
PBSSection:Succeed,0.538163,850,1651,26348,25873,29.2756,566,0.04886,0.039662,0.002315,0.028965,0.278296,0.006366,0,0.260114,0.113602
124 tasks has been finished
Timestep 855
PBSSection:Succeed,0.567822,884,1713,25962,25464,28.8467,586,0.048545,0.038732,0.002298,0.031045,0.272603,0.00693,0,0.286515,0.141179
127 tasks has been finished
Timestep 860
PBSSection:No solutions,49.8287,28990,51784,-2,25569,28.9033,606,4.80901,35.2919,1.39785,2.11797,2.87307,0.043831,0,41.8438,2.57684
PBS:Succeed,1.26837,821,1643,25935,25569,29.8167,632,0.032396,0.108629,0.001423,0.02891,0.600802,0.005552,0.000708,0.995278,0.09925
140 tasks has been finished
Timestep 865
PBSSection:Succeed,0.593682,915,1789,26333,25813,29.2589,611,0.053807,0.060396,0.005939,0.032913,0.277753,0.006912,0,0.312491,0.136197
133 tasks has been finished
Timestep 870
PBSSection:Succeed,0.530404,860,1687,26692,26199,29.6578,591,0.051005,0.035563,0.002176,0.027914,0.27082,0.00648,0,0.257245,0.11648
147 tasks has been finished
Timestep 875
PBSSection:Timeout,60.0023,25712,50539,-1,26885,30.3967,595,4.74189,46.8793,1.78231,1.93647,2.16186,0.036063,0,55.4935,2.39831
PBS:Succeed,1.47838,886,1773,27310,26885,31.3444,577,0.041106,0.140184,0.002473,0.033893,0.65794,0.005919,0.000754,1.19548,0.138049
124 tasks has been finished
Timestep 880
PBSSection:Succeed,0.599411,944,1845,27500,27001,30.5556,624,0.057307,0.049699,0.005828,0.034075,0.276575,0.007532,0,0.315421,0.150556
128 tasks has been finished
Timestep 885
PBSSection:Timeout,60.0028,26809,50901,-1,27031,30.5167,603,6.40078,44.8494,1.73028,2.06154,2.3483,0.037973,0,52.5486,2.32425
PBS:Succeed,1.41795,855,1711,27460,27031,31.5111,599,0.038908,0.133402,0.002278,0.031129,0.637874,0.005969,0.000738,1.1428,0.128089
134 tasks has been finished
Timestep 890
PBSSection:No solutions,35.6127,26201,51287,-2,27274,30.8678,697,2.69116,24.0997,1.00292,1.93411,2.74543,0.043528,0,31.4744,2.29886
PBS:Succeed,1.43514,871,1743,27728,27274,31.8089,627,0.03839,0.128263,0.001977,0.032754,0.65051,0.006348,0.000792,1.15634,0.128389
135 tasks has been finished
Timestep 895
PBSSection:Succeed,0.634032,976,1909,27334,26782,30.3711,676,0.056882,0.055887,0.006145,0.0381,0.286326,0.007895,0,0.341212,0.160216
122 tasks has been finished
Timestep 900
PBSSection:Succeed,0.574062,905,1779,27271,26797,30.3011,611,0.053465,0.050805,0.002741,0.030988,0.273752,0.006839,0,0.300051,0.133968
141 tasks has been finished
Timestep 905
PBSSection:Succeed,0.629912,983,1932,27620,27140,30.6889,620,0.058629,0.064483,0.003611,0.035541,0.281209,0.00715,0,0.339163,0.154272
139 tasks has been finished
Timestep 910
PBSSection:No solutions,53.9553,26872,51781,-2,26256,29.7044,640,6.29958,38.8283,1.44303,2.02507,2.46114,0.04014,0,48.4112,2.42297
PBS:Succeed,1.33918,843,1687,26652,26256,30.6133,644,0.035251,0.120771,0.001628,0.028853,0.615601,0.00592,0.000744,1.07016,0.113489
108 tasks has been finished
Timestep 915
PBSSection:Succeed,0.63783,954,1882,26579,26055,29.5322,623,0.053473,0.052284,0.005831,0.037003,0.280654,0.00802,0,0.345714,0.175154
132 tasks has been finished
Timestep 920
PBSSection:Succeed,0.511659,840,1651,25732,25289,28.5911,611,0.04578,0.028533,0.001779,0.027856,0.267405,0.006685,0,0.243982,0.113509
119 tasks has been finished
Timestep 925
PBSSection:Succeed,0.474494,822,1622,25791,25376,28.6567,583,0.040705,0.024201,0.001617,0.026261,0.261961,0.006106,0,0.215293,0.098272
136 tasks has been finished
Timestep 930
PBSSection:No solutions,40.7089,27910,51483,-2,25320,28.6011,567,3.00262,28.8383,1.22392,1.96017,2.55441,0.041682,0,34.7378,2.42098
PBS:Succeed,1.36997,851,1703,25711,25320,29.5678,579,0.035999,0.129576,0.001979,0.031841,0.626618,0.005791,0.000757,1.09978,0.115659
148 tasks has been finished
Timestep 935
PBSSection:Succeed,4.53694,4008,7796,25547,24995,28.3856,619,0.427108,2.70054,0.117577,0.237274,0.542828,0.010469,0,3.75618,0.395498
125 tasks has been finished
Timestep 940
PBSSection:Succeed,0.487713,837,1657,26284,25826,29.2044,608,0.045191,0.026271,0.002166,0.027654,0.260916,0.006202,0,0.223237,0.101243
143 tasks has been finished
Timestep 945
PBSSection:No solutions,44.524,26295,51306,-2,25865,29.1544,559,3.9644,32.4476,1.27998,1.82247,2.83597,0.041687,0,39.7736,1.65576
PBS:Succeed,1.20563,761,1523,26188,25865,30.0978,574,0.032367,0.107127,0.001315,0.025807,0.574982,0.004981,0.00062,0.936972,0.084773
120 tasks has been finished
Timestep 950
PBSSection:Succeed,0.480439,814,1608,26362,25944,29.2911,601,0.040448,0.023048,0.004406,0.028432,0.262629,0.006427,0,0.216522,0.09898
135 tasks has been finished
Timestep 955
PBSSection:Succeed,0.488933,826,1632,26625,26182,29.5833,600,0.043977,0.028712,0.001923,0.026309,0.265004,0.006281,0,0.230812,0.09942
136 tasks has been finished
Timestep 960
PBSSection:No solutions,28.1865,28426,51741,-2,25472,28.8167,586,3.07203,17.3851,0.787147,1.85435,2.61291,0.042765,0,21.4798,1.30984
PBS:Succeed,1.49397,904,1809,25926,25472,29.8067,630,0.038146,0.142405,0.002189,0.035745,0.66909,0.006638,0.000837,1.21831,0.133377
132 tasks has been finished
Timestep 965
PBSSection:Succeed,0.616108,942,1853,26676,26113,29.64,616,0.057562,0.04752,0.00553,0.034317,0.28646,0.00761,0,0.326481,0.155061
151 tasks has been finished
Timestep 970
PBSSection:Succeed,0.514965,918,1814,26406,25925,29.34,563,0.045775,0.039163,0.002369,0.031043,0.266803,0.006411,0,0.254564,0.110722
142 tasks has been finished
Timestep 975
PBSSection:Succeed,0.49051,850,1683,26046,25615,28.94,557,0.044403,0.028031,0.001838,0.028497,0.263994,0.006209,0,0.232689,0.096912
113 tasks has been finished
Timestep 980
PBSSection:Succeed,0.496981,851,1673,27216,26807,30.24,588,0.043852,0.026108,0.001726,0.028003,0.272327,0.00632,0,0.222694,0.099803
156 tasks has been finished
Timestep 985
PBSSection:Succeed,0.540602,875,1716,27594,27108,30.66,565,0.048166,0.036576,0.002147,0.029231,0.281408,0.006642,0,0.26788,0.125086
141 tasks has been finished
Timestep 990
PBSSection:Succeed,0.544698,868,1707,27594,27122,30.66,526,0.048968,0.038138,0.002172,0.028435,0.276422,0.006822,0,0.277959,0.130758
134 tasks has been finished
Timestep 995
PBSSection:Succeed,0.56198,904,1777,27187,26711,30.2078,581,0.052082,0.037079,0.002175,0.031998,0.290142,0.007001,0,0.283772,0.126597
113 tasks has been finished

Done!

[DIAG] ===== SECTION-MODE WALL-CLOCK BREAKDOWN =====
[DIAG] total calls:              200
[DIAG] primary success:          150 (75.000 %)
[DIAG] fallback invocations:     50 (25.000 %)
[DIAG]
[DIAG] TOTAL solve_by_Section:   2516.076 s (wall)
[DIAG]   conversion_to_sections: 0.067 s (0.003 %)
[DIAG]   primary run_section:    2428.928 s (96.536 %)
[DIAG]     success subtotal:     164.622 s, mean/call=1.097 s
[DIAG]     failure subtotal:     2264.306 s, mean/call=45.286 s
[DIAG]   fallback baseline PBS:  85.899 s (3.414 %), mean/call=1.718 s
[DIAG]   update paths:           0.093 s (0.004 %)
[DIAG]   save_results I/O:       0.027 s (0.001 %)
[DIAG]   unaccounted:            1.062 s (0.042 %)
[DIAG] =============================================
*** Saving 7 ***
Done! (0.000 s)
     2517.80 real      2387.55 user       104.10 sys
          4591714304  maximum resident set size
                   0  average shared memory size
                   0  average unshared data size
                   0  average unshared stack size
              421966  page reclaims
                   5  page faults
                   0  swaps
                   0  block input operations
                   0  block output operations
                   0  messages sent
                   0  messages received
                   0  signals received
                  18  voluntary context switches
             1849853  involuntary context switches
      32344707163731  instructions retired
       9346531392648  cycles elapsed
          3704081360  peak memory footprint
